SF:/home/runner/work/ce204-midterm-mehmetali-gumusler-java/ce204-midterm-mehmetali-gumusler-java/comic_manager_app/src/main/java/com/mehmetali/comic_manager/Book.java
DA:20,1
DA:21,1
DA:22,1
DA:23,1
DA:24,1
DA:35,1
DA:48,1
DA:57,1
DA:66,1
DA:75,1
DA:84,1
DA:93,1
DA:102,1
DA:111,1
DA:120,1
DA:129,1
DA:139,1
DA:19,1
DA:2,1
DA:1,0
end_of_record
SF:/home/runner/work/ce204-midterm-mehmetali-gumusler-java/ce204-midterm-mehmetali-gumusler-java/comic_manager_app/src/main/java/com/mehmetali/comic_manager/BookManager.java
DA:20,1
DA:21,1
DA:29,1
DA:40,1
DA:56,1
DA:84,1
DA:114,1
DA:144,1
DA:172,1
DA:187,1
DA:202,1
DA:219,1
DA:235,1
DA:254,1
DA:287,1
DA:18,1
DA:1,0
end_of_record
SF:/home/runner/work/ce204-midterm-mehmetali-gumusler-java/ce204-midterm-mehmetali-gumusler-java/comic_manager_app/src/main/java/com/mehmetali/comic_manager/Event.java
DA:20,1
DA:21,1
DA:22,1
DA:23,1
DA:34,1
DA:46,1
DA:55,1
DA:64,1
DA:73,1
DA:82,1
DA:91,1
DA:100,1
DA:109,1
DA:121,1
DA:19,1
DA:1,0
end_of_record
SF:/home/runner/work/ce204-midterm-mehmetali-gumusler-java/ce204-midterm-mehmetali-gumusler-java/comic_manager_app/src/main/java/com/mehmetali/comic_manager/EventManager.java
DA:21,1
DA:22,1
DA:30,1
DA:40,1
DA:57,1
DA:83,1
DA:112,1
DA:141,1
DA:170,1
DA:186,1
DA:202,1
DA:217,1
DA:244,1
DA:20,1
DA:1,0
end_of_record
SF:/home/runner/work/ce204-midterm-mehmetali-gumusler-java/ce204-midterm-mehmetali-gumusler-java/comic_manager_app/src/main/java/com/mehmetali/comic_manager/Main.java
DA:26,1
DA:31,1
DA:52,1
DA:34,1
DA:37,1
DA:40,1
DA:43,1
DA:46,1
DA:49,1
DA:64,1
DA:91,1
DA:104,1
DA:119,1
DA:142,1
DA:156,1
DA:208,1
DA:227,1
DA:250,1
DA:264,1
DA:278,1
DA:294,1
DA:325,1
DA:356,1
DA:370,1
DA:389,1
DA:412,1
DA:426,1
DA:442,1
DA:456,1
DA:479,1
DA:496,1
DA:520,1
DA:534,1
DA:549,1
DA:565,1
DA:592,1
DA:621,1
DA:924,1
DA:933,1
DA:942,1
DA:951,1
DA:21,1
DA:1,0
end_of_record
SF:/home/runner/work/ce204-midterm-mehmetali-gumusler-java/ce204-midterm-mehmetali-gumusler-java/comic_manager_app/src/main/java/com/mehmetali/comic_manager/Trade.java
DA:19,1
DA:20,1
DA:21,1
DA:22,1
DA:23,1
DA:34,1
DA:47,1
DA:56,1
DA:65,1
DA:74,1
DA:83,1
DA:92,1
DA:101,1
DA:110,1
DA:119,1
DA:128,1
DA:138,1
DA:18,1
DA:1,0
end_of_record
SF:/home/runner/work/ce204-midterm-mehmetali-gumusler-java/ce204-midterm-mehmetali-gumusler-java/comic_manager_app/src/main/java/com/mehmetali/comic_manager/TradeManager.java
DA:21,1
DA:22,1
DA:23,1
DA:24,1
DA:32,1
DA:43,1
DA:66,1
DA:94,1
DA:125,1
DA:155,1
DA:188,1
DA:204,1
DA:221,1
DA:237,1
DA:253,1
DA:284,1
DA:20,1
DA:1,0
end_of_record
SF:/home/runner/work/ce204-midterm-mehmetali-gumusler-java/ce204-midterm-mehmetali-gumusler-java/comic_manager_app/src/main/java/com/mehmetali/comic_manager/User.java
DA:24,1
DA:26,1
DA:27,1
DA:28,1
DA:30,1
DA:31,1
DA:32,1
DA:44,1
DA:58,1
DA:67,1
DA:76,1
DA:85,1
DA:94,1
DA:103,1
DA:112,1
DA:121,1
DA:130,1
DA:139,1
DA:148,1
DA:157,1
DA:166,1
DA:175,1
DA:184,1
DA:193,1
DA:202,1
DA:211,1
DA:221,1
DA:23,1
DA:1,0
end_of_record
SF:/home/runner/work/ce204-midterm-mehmetali-gumusler-java/ce204-midterm-mehmetali-gumusler-java/comic_manager_app/src/main/java/com/mehmetali/comic_manager/UserManager.java
DA:21,1
DA:22,1
DA:29,1
DA:39,1
DA:57,1
DA:121,1
DA:138,1
DA:167,1
DA:194,1
DA:72,1
DA:103,1
DA:20,1
DA:1,0
end_of_record
SF:/home/runner/work/ce204-midterm-mehmetali-gumusler-java/ce204-midterm-mehmetali-gumusler-java/comic_manager_app/src/main/java/com/mehmetali/comic_manager/Wish.java
DA:20,1
DA:21,1
DA:22,1
DA:23,1
DA:24,1
DA:35,1
DA:48,1
DA:57,1
DA:66,1
DA:75,1
DA:84,1
DA:93,1
DA:102,1
DA:111,1
DA:120,1
DA:129,1
DA:139,1
DA:19,1
DA:1,0
end_of_record
SF:/home/runner/work/ce204-midterm-mehmetali-gumusler-java/ce204-midterm-mehmetali-gumusler-java/comic_manager_app/src/main/java/com/mehmetali/comic_manager/WishManager.java
DA:26,1
DA:27,1
DA:28,1
DA:29,1
DA:50,1
DA:61,1
DA:80,1
DA:108,1
DA:138,1
DA:171,1
DA:187,1
DA:220,1
DA:24,1
DA:41,1
DA:1,0
end_of_record
