SF:/home/runner/work/ce204-midterm-mehmetali-gumusler-java/ce204-midterm-mehmetali-gumusler-java/comic_manager_app/src/main/java/com/mehmetali/comic_manager/Book.java
DA:21,1
DA:22,1
DA:23,1
DA:24,1
DA:25,1
DA:37,1
DA:51,1
DA:61,1
DA:71,1
DA:81,1
DA:91,1
DA:101,1
DA:111,1
DA:121,1
DA:131,1
DA:141,1
DA:152,1
DA:20,1
DA:2,1
DA:1,0
end_of_record
SF:/home/runner/work/ce204-midterm-mehmetali-gumusler-java/ce204-midterm-mehmetali-gumusler-java/comic_manager_app/src/main/java/com/mehmetali/comic_manager/BookManager.java
DA:19,1
DA:20,1
DA:29,1
DA:40,1
DA:57,1
DA:86,1
DA:117,1
DA:148,1
DA:177,1
DA:193,1
DA:209,1
DA:226,1
DA:243,1
DA:260,1
DA:294,1
DA:17,1
DA:1,0
end_of_record
SF:/home/runner/work/ce204-midterm-mehmetali-gumusler-java/ce204-midterm-mehmetali-gumusler-java/comic_manager_app/src/main/java/com/mehmetali/comic_manager/Event.java
DA:20,1
DA:21,1
DA:22,1
DA:23,1
DA:34,1
DA:47,1
DA:57,1
DA:67,1
DA:77,1
DA:87,1
DA:97,1
DA:107,1
DA:117,1
DA:128,1
DA:19,1
DA:1,0
end_of_record
SF:/home/runner/work/ce204-midterm-mehmetali-gumusler-java/ce204-midterm-mehmetali-gumusler-java/comic_manager_app/src/main/java/com/mehmetali/comic_manager/EventManager.java
DA:21,1
DA:22,1
DA:29,1
DA:39,1
DA:57,1
DA:84,1
DA:114,1
DA:144,1
DA:173,1
DA:190,1
DA:207,1
DA:223,1
DA:251,1
DA:20,1
DA:1,0
end_of_record
SF:/home/runner/work/ce204-midterm-mehmetali-gumusler-java/ce204-midterm-mehmetali-gumusler-java/comic_manager_app/src/main/java/com/mehmetali/comic_manager/Main.java
DA:26,1
DA:32,1
DA:53,1
DA:35,1
DA:38,1
DA:41,1
DA:44,1
DA:47,1
DA:50,1
DA:62,1
DA:89,1
DA:101,1
DA:116,1
DA:140,1
DA:154,1
DA:206,1
DA:225,1
DA:249,1
DA:264,1
DA:279,1
DA:295,1
DA:324,1
DA:355,1
DA:370,1
DA:386,1
DA:410,1
DA:425,1
DA:441,1
DA:456,1
DA:480,1
DA:496,1
DA:521,1
DA:536,1
DA:551,1
DA:568,1
DA:592,1
DA:623,1
DA:951,1
DA:961,1
DA:971,1
DA:981,1
DA:20,1
DA:1,0
end_of_record
SF:/home/runner/work/ce204-midterm-mehmetali-gumusler-java/ce204-midterm-mehmetali-gumusler-java/comic_manager_app/src/main/java/com/mehmetali/comic_manager/Trade.java
DA:20,1
DA:21,1
DA:22,1
DA:23,1
DA:24,1
DA:36,1
DA:50,1
DA:60,1
DA:70,1
DA:80,1
DA:90,1
DA:100,1
DA:110,1
DA:120,1
DA:130,1
DA:140,1
DA:151,1
DA:19,1
DA:1,0
end_of_record
SF:/home/runner/work/ce204-midterm-mehmetali-gumusler-java/ce204-midterm-mehmetali-gumusler-java/comic_manager_app/src/main/java/com/mehmetali/comic_manager/TradeManager.java
DA:21,1
DA:22,1
DA:23,1
DA:24,1
DA:31,1
DA:43,1
DA:62,1
DA:91,1
DA:123,1
DA:154,1
DA:188,1
DA:205,1
DA:222,1
DA:239,1
DA:256,1
DA:288,1
DA:20,1
DA:1,0
end_of_record
SF:/home/runner/work/ce204-midterm-mehmetali-gumusler-java/ce204-midterm-mehmetali-gumusler-java/comic_manager_app/src/main/java/com/mehmetali/comic_manager/User.java
DA:25,1
DA:27,1
DA:28,1
DA:29,1
DA:31,1
DA:32,1
DA:33,1
DA:43,1
DA:58,1
DA:68,1
DA:78,1
DA:88,1
DA:98,1
DA:108,1
DA:118,1
DA:128,1
DA:138,1
DA:148,1
DA:158,1
DA:168,1
DA:178,1
DA:188,1
DA:198,1
DA:208,1
DA:218,1
DA:228,1
DA:239,1
DA:24,1
DA:1,0
end_of_record
SF:/home/runner/work/ce204-midterm-mehmetali-gumusler-java/ce204-midterm-mehmetali-gumusler-java/comic_manager_app/src/main/java/com/mehmetali/comic_manager/UserManager.java
DA:21,1
DA:22,1
DA:28,1
DA:39,1
DA:58,1
DA:125,1
DA:143,1
DA:173,1
DA:202,1
DA:74,1
DA:106,1
DA:20,1
DA:1,0
end_of_record
SF:/home/runner/work/ce204-midterm-mehmetali-gumusler-java/ce204-midterm-mehmetali-gumusler-java/comic_manager_app/src/main/java/com/mehmetali/comic_manager/Wish.java
DA:20,1
DA:21,1
DA:22,1
DA:23,1
DA:24,1
DA:36,1
DA:50,1
DA:60,1
DA:70,1
DA:80,1
DA:90,1
DA:100,1
DA:110,1
DA:120,1
DA:130,1
DA:140,1
DA:151,1
DA:19,1
DA:1,0
end_of_record
SF:/home/runner/work/ce204-midterm-mehmetali-gumusler-java/ce204-midterm-mehmetali-gumusler-java/comic_manager_app/src/main/java/com/mehmetali/comic_manager/WishManager.java
DA:24,1
DA:25,1
DA:26,1
DA:27,1
DA:47,1
DA:58,1
DA:77,1
DA:106,1
DA:137,1
DA:165,1
DA:182,1
DA:216,1
DA:22,1
DA:40,1
DA:1,0
end_of_record
