<?xml version="1.0" encoding="UTF-8" standalone="yes"?><!DOCTYPE report PUBLIC "-//JACOCO//DTD Report 1.1//EN" "report.dtd"><report name="comic_manager_app"><sessioninfo id="fv-az1499-369-d3d9b6e7" start="1711715256802" dump="1711715258807"/><package name="com/mehmetali/comic_manager"><class name="com/mehmetali/comic_manager/Main" sourcefilename="Main.java"><method name="&lt;init&gt;" desc="()V" line="20"><counter type="INSTRUCTION" missed="3" covered="0"/><counter type="LINE" missed="1" covered="0"/><counter type="COMPLEXITY" missed="1" covered="0"/><counter type="METHOD" missed="1" covered="0"/></method><method name="printMenu" desc="(Ljava/lang/String;[Ljava/lang/String;)V" line="63"><counter type="INSTRUCTION" missed="0" covered="105"/><counter type="BRANCH" missed="0" covered="4"/><counter type="LINE" missed="0" covered="12"/><counter type="COMPLEXITY" missed="0" covered="3"/><counter type="METHOD" missed="0" covered="1"/></method><method name="rightPad" desc="(Ljava/lang/String;I)Ljava/lang/String;" line="90"><counter type="INSTRUCTION" missed="0" covered="18"/><counter type="LINE" missed="0" covered="1"/><counter type="COMPLEXITY" missed="0" covered="1"/><counter type="METHOD" missed="0" covered="1"/></method><method name="centerText" desc="(Ljava/lang/String;I)Ljava/lang/String;" line="102"><counter type="INSTRUCTION" missed="0" covered="28"/><counter type="LINE" missed="0" covered="4"/><counter type="COMPLEXITY" missed="0" covered="1"/><counter type="METHOD" missed="0" covered="1"/></method><method name="clearConsole" desc="()V" line="119"><counter type="INSTRUCTION" missed="25" covered="12"/><counter type="BRANCH" missed="1" covered="1"/><counter type="LINE" missed="3" covered="5"/><counter type="COMPLEXITY" missed="1" covered="1"/><counter type="METHOD" missed="0" covered="1"/></method><method name="main" desc="([Ljava/lang/String;)V" line="141"><counter type="INSTRUCTION" missed="10" covered="0"/><counter type="LINE" missed="3" covered="0"/><counter type="COMPLEXITY" missed="1" covered="0"/><counter type="METHOD" missed="1" covered="0"/></method><method name="MainApp" desc="(Ljava/util/Scanner;Ljava/io/PrintStream;)I" line="155"><counter type="INSTRUCTION" missed="0" covered="66"/><counter type="BRANCH" missed="2" covered="6"/><counter type="LINE" missed="0" covered="21"/><counter type="COMPLEXITY" missed="2" covered="4"/><counter type="METHOD" missed="0" covered="1"/></method><method name="registerMenu" desc="(Ljava/util/Scanner;Ljava/io/PrintStream;)I" line="207"><counter type="INSTRUCTION" missed="0" covered="25"/><counter type="LINE" missed="0" covered="7"/><counter type="COMPLEXITY" missed="0" covered="1"/><counter type="METHOD" missed="0" covered="1"/></method><method name="AddBookMenu" desc="(Ljava/util/Scanner;Ljava/io/PrintStream;)I" line="226"><counter type="INSTRUCTION" missed="0" covered="42"/><counter type="LINE" missed="0" covered="12"/><counter type="COMPLEXITY" missed="0" covered="1"/><counter type="METHOD" missed="0" covered="1"/></method><method name="listBookMenu" desc="(Ljava/util/Scanner;Ljava/io/PrintStream;)I" line="250"><counter type="INSTRUCTION" missed="0" covered="9"/><counter type="LINE" missed="0" covered="3"/><counter type="COMPLEXITY" missed="0" covered="1"/><counter type="METHOD" missed="0" covered="1"/></method><method name="listAllBookMenu" desc="(Ljava/util/Scanner;Ljava/io/PrintStream;)I" line="265"><counter type="INSTRUCTION" missed="0" covered="8"/><counter type="LINE" missed="0" covered="3"/><counter type="COMPLEXITY" missed="0" covered="1"/><counter type="METHOD" missed="0" covered="1"/></method><method name="deleteBookMenu" desc="(Ljava/util/Scanner;Ljava/io/PrintStream;)I" line="280"><counter type="INSTRUCTION" missed="0" covered="12"/><counter type="LINE" missed="0" covered="4"/><counter type="COMPLEXITY" missed="0" covered="1"/><counter type="METHOD" missed="0" covered="1"/></method><method name="updateBookMenu" desc="(Ljava/util/Scanner;Ljava/io/PrintStream;)I" line="297"><counter type="INSTRUCTION" missed="0" covered="42"/><counter type="LINE" missed="0" covered="13"/><counter type="COMPLEXITY" missed="0" covered="1"/><counter type="METHOD" missed="0" covered="1"/></method><method name="WishAddBookMenu" desc="(Ljava/util/Scanner;Ljava/io/PrintStream;)I" line="326"><counter type="INSTRUCTION" missed="0" covered="45"/><counter type="BRANCH" missed="0" covered="2"/><counter type="LINE" missed="0" covered="12"/><counter type="COMPLEXITY" missed="0" covered="2"/><counter type="METHOD" missed="0" covered="1"/></method><method name="WishlistBookMenu" desc="(Ljava/util/Scanner;Ljava/io/PrintStream;)I" line="356"><counter type="INSTRUCTION" missed="0" covered="9"/><counter type="LINE" missed="0" covered="3"/><counter type="COMPLEXITY" missed="0" covered="1"/><counter type="METHOD" missed="0" covered="1"/></method><method name="WishdeleteBookMenu" desc="(Ljava/util/Scanner;Ljava/io/PrintStream;)I" line="371"><counter type="INSTRUCTION" missed="0" covered="12"/><counter type="LINE" missed="0" covered="4"/><counter type="COMPLEXITY" missed="0" covered="1"/><counter type="METHOD" missed="0" covered="1"/></method><method name="TradeAddBookMenu" desc="(Ljava/util/Scanner;Ljava/io/PrintStream;)I" line="387"><counter type="INSTRUCTION" missed="0" covered="37"/><counter type="LINE" missed="0" covered="9"/><counter type="COMPLEXITY" missed="0" covered="1"/><counter type="METHOD" missed="0" covered="1"/></method><method name="TradeMylistBookMenu" desc="(Ljava/util/Scanner;Ljava/io/PrintStream;)I" line="412"><counter type="INSTRUCTION" missed="0" covered="6"/><counter type="LINE" missed="0" covered="2"/><counter type="COMPLEXITY" missed="0" covered="1"/><counter type="METHOD" missed="0" covered="1"/></method><method name="TradedeleteBookMenu" desc="(Ljava/util/Scanner;Ljava/io/PrintStream;)I" line="426"><counter type="INSTRUCTION" missed="0" covered="12"/><counter type="LINE" missed="0" covered="4"/><counter type="COMPLEXITY" missed="0" covered="1"/><counter type="METHOD" missed="0" covered="1"/></method><method name="TradeAllListBookMenu" desc="(Ljava/util/Scanner;Ljava/io/PrintStream;)I" line="442"><counter type="INSTRUCTION" missed="0" covered="8"/><counter type="LINE" missed="0" covered="3"/><counter type="COMPLEXITY" missed="0" covered="1"/><counter type="METHOD" missed="0" covered="1"/></method><method name="TradeBuyBookMenu" desc="(Ljava/util/Scanner;Ljava/io/PrintStream;)I" line="457"><counter type="INSTRUCTION" missed="5" covered="18"/><counter type="BRANCH" missed="1" covered="1"/><counter type="LINE" missed="2" covered="5"/><counter type="COMPLEXITY" missed="1" covered="1"/><counter type="METHOD" missed="0" covered="1"/></method><method name="CreditBuyScoreMenu" desc="(Ljava/util/Scanner;Ljava/io/PrintStream;)I" line="481"><counter type="INSTRUCTION" missed="0" covered="13"/><counter type="LINE" missed="0" covered="4"/><counter type="COMPLEXITY" missed="0" covered="1"/><counter type="METHOD" missed="0" covered="1"/></method><method name="EventAddBookMenu" desc="(Ljava/util/Scanner;Ljava/io/PrintStream;)I" line="498"><counter type="INSTRUCTION" missed="0" covered="35"/><counter type="LINE" missed="0" covered="10"/><counter type="COMPLEXITY" missed="0" covered="1"/><counter type="METHOD" missed="0" covered="1"/></method><method name="EventlistBookMenu" desc="(Ljava/util/Scanner;Ljava/io/PrintStream;)I" line="522"><counter type="INSTRUCTION" missed="0" covered="9"/><counter type="LINE" missed="0" covered="3"/><counter type="COMPLEXITY" missed="0" covered="1"/><counter type="METHOD" missed="0" covered="1"/></method><method name="EventlistAllBookMenu" desc="(Ljava/util/Scanner;Ljava/io/PrintStream;)I" line="537"><counter type="INSTRUCTION" missed="0" covered="8"/><counter type="LINE" missed="0" covered="3"/><counter type="COMPLEXITY" missed="0" covered="1"/><counter type="METHOD" missed="0" covered="1"/></method><method name="EventdeleteBookMenu" desc="(Ljava/util/Scanner;Ljava/io/PrintStream;)I" line="552"><counter type="INSTRUCTION" missed="0" covered="12"/><counter type="LINE" missed="0" covered="4"/><counter type="COMPLEXITY" missed="0" covered="1"/><counter type="METHOD" missed="0" covered="1"/></method><method name="EventupdateBookMenu" desc="(Ljava/util/Scanner;Ljava/io/PrintStream;)I" line="570"><counter type="INSTRUCTION" missed="0" covered="29"/><counter type="LINE" missed="0" covered="9"/><counter type="COMPLEXITY" missed="0" covered="1"/><counter type="METHOD" missed="0" covered="1"/></method><method name="loginMenu" desc="(Ljava/util/Scanner;Ljava/io/PrintStream;)Lcom/mehmetali/comic_manager/User;" line="594"><counter type="INSTRUCTION" missed="0" covered="40"/><counter type="BRANCH" missed="0" covered="2"/><counter type="LINE" missed="0" covered="11"/><counter type="COMPLEXITY" missed="0" covered="2"/><counter type="METHOD" missed="0" covered="1"/></method><method name="userMenu" desc="(Lcom/mehmetali/comic_manager/User;Ljava/util/Scanner;Ljava/io/PrintStream;)I" line="624"><counter type="INSTRUCTION" missed="11" covered="489"/><counter type="BRANCH" missed="8" covered="44"/><counter type="LINE" missed="6" covered="146"/><counter type="COMPLEXITY" missed="8" covered="34"/><counter type="METHOD" missed="0" covered="1"/></method><method name="getLoginName" desc="()Ljava/lang/String;" line="952"><counter type="INSTRUCTION" missed="0" covered="2"/><counter type="LINE" missed="0" covered="1"/><counter type="COMPLEXITY" missed="0" covered="1"/><counter type="METHOD" missed="0" covered="1"/></method><method name="setLoginName" desc="(Ljava/lang/String;)V" line="962"><counter type="INSTRUCTION" missed="0" covered="3"/><counter type="LINE" missed="0" covered="2"/><counter type="COMPLEXITY" missed="0" covered="1"/><counter type="METHOD" missed="0" covered="1"/></method><method name="getWallet" desc="()I" line="972"><counter type="INSTRUCTION" missed="0" covered="2"/><counter type="LINE" missed="0" covered="1"/><counter type="COMPLEXITY" missed="0" covered="1"/><counter type="METHOD" missed="0" covered="1"/></method><method name="setWallet" desc="(I)V" line="982"><counter type="INSTRUCTION" missed="0" covered="3"/><counter type="LINE" missed="0" covered="2"/><counter type="COMPLEXITY" missed="0" covered="1"/><counter type="METHOD" missed="0" covered="1"/></method><method name="&lt;clinit&gt;" desc="()V" line="35"><counter type="INSTRUCTION" missed="0" covered="28"/><counter type="LINE" missed="0" covered="7"/><counter type="COMPLEXITY" missed="0" covered="1"/><counter type="METHOD" missed="0" covered="1"/></method><counter type="INSTRUCTION" missed="54" covered="1187"/><counter type="BRANCH" missed="12" covered="60"/><counter type="LINE" missed="15" covered="330"/><counter type="COMPLEXITY" missed="14" covered="72"/><counter type="METHOD" missed="2" covered="32"/><counter type="CLASS" missed="0" covered="1"/></class><class name="com/mehmetali/comic_manager/UserManager" sourcefilename="UserManager.java"><method name="&lt;init&gt;" desc="()V" line="28"><counter type="INSTRUCTION" missed="0" covered="7"/><counter type="LINE" missed="0" covered="3"/><counter type="COMPLEXITY" missed="0" covered="1"/><counter type="METHOD" missed="0" covered="1"/></method><method name="registerUser" desc="(Lcom/mehmetali/comic_manager/User;)Ljava/lang/String;" line="40"><counter type="INSTRUCTION" missed="0" covered="26"/><counter type="BRANCH" missed="0" covered="2"/><counter type="LINE" missed="0" covered="7"/><counter type="COMPLEXITY" missed="0" covered="2"/><counter type="METHOD" missed="0" covered="1"/></method><method name="isUsernameAvailable" desc="(Ljava/lang/String;)Z" line="59"><counter type="INSTRUCTION" missed="0" covered="21"/><counter type="BRANCH" missed="0" covered="4"/><counter type="LINE" missed="0" covered="5"/><counter type="COMPLEXITY" missed="0" covered="3"/><counter type="METHOD" missed="0" covered="1"/></method><method name="readUsersFromFile" desc="()Ljava/util/List;" line="75"><counter type="INSTRUCTION" missed="26" covered="30"/><counter type="BRANCH" missed="1" covered="3"/><counter type="LINE" missed="5" covered="9"/><counter type="COMPLEXITY" missed="1" covered="2"/><counter type="METHOD" missed="0" covered="1"/></method><method name="saveUsersToFile" desc="(Ljava/util/List;)I" line="107"><counter type="INSTRUCTION" missed="14" covered="17"/><counter type="LINE" missed="3" covered="4"/><counter type="COMPLEXITY" missed="0" covered="1"/><counter type="METHOD" missed="0" covered="1"/></method><method name="login" desc="(Ljava/lang/String;Ljava/lang/String;)Lcom/mehmetali/comic_manager/User;" line="126"><counter type="INSTRUCTION" missed="0" covered="26"/><counter type="BRANCH" missed="0" covered="6"/><counter type="LINE" missed="0" covered="5"/><counter type="COMPLEXITY" missed="0" covered="4"/><counter type="METHOD" missed="0" covered="1"/></method><method name="creditbuyscore" desc="(Ljava/lang/String;I)I" line="144"><counter type="INSTRUCTION" missed="0" covered="46"/><counter type="BRANCH" missed="0" covered="6"/><counter type="LINE" missed="0" covered="14"/><counter type="COMPLEXITY" missed="0" covered="4"/><counter type="METHOD" missed="0" covered="1"/></method><method name="creditSellscore" desc="(Ljava/lang/String;I)I" line="174"><counter type="INSTRUCTION" missed="0" covered="46"/><counter type="BRANCH" missed="0" covered="6"/><counter type="LINE" missed="0" covered="14"/><counter type="COMPLEXITY" missed="0" covered="4"/><counter type="METHOD" missed="0" covered="1"/></method><method name="getUserWallet" desc="(Ljava/lang/String;)I" line="203"><counter type="INSTRUCTION" missed="0" covered="22"/><counter type="BRANCH" missed="0" covered="4"/><counter type="LINE" missed="0" covered="5"/><counter type="COMPLEXITY" missed="0" covered="3"/><counter type="METHOD" missed="0" covered="1"/></method><counter type="INSTRUCTION" missed="40" covered="241"/><counter type="BRANCH" missed="1" covered="31"/><counter type="LINE" missed="8" covered="66"/><counter type="COMPLEXITY" missed="1" covered="24"/><counter type="METHOD" missed="0" covered="9"/><counter type="CLASS" missed="0" covered="1"/></class><class name="com/mehmetali/comic_manager/User" sourcefilename="User.java"><method name="&lt;init&gt;" desc="(Ljava/lang/String;Ljava/lang/String;I)V" line="43"><counter type="INSTRUCTION" missed="0" covered="27"/><counter type="LINE" missed="0" covered="8"/><counter type="COMPLEXITY" missed="0" covered="1"/><counter type="METHOD" missed="0" covered="1"/></method><method name="getWallet" desc="()I" line="59"><counter type="INSTRUCTION" missed="0" covered="3"/><counter type="LINE" missed="0" covered="1"/><counter type="COMPLEXITY" missed="0" covered="1"/><counter type="METHOD" missed="0" covered="1"/></method><method name="setWallet" desc="(I)V" line="69"><counter type="INSTRUCTION" missed="0" covered="4"/><counter type="LINE" missed="0" covered="2"/><counter type="COMPLEXITY" missed="0" covered="1"/><counter type="METHOD" missed="0" covered="1"/></method><method name="getUsername" desc="()Ljava/lang/String;" line="79"><counter type="INSTRUCTION" missed="0" covered="3"/><counter type="LINE" missed="0" covered="1"/><counter type="COMPLEXITY" missed="0" covered="1"/><counter type="METHOD" missed="0" covered="1"/></method><method name="setUsername" desc="(Ljava/lang/String;)V" line="89"><counter type="INSTRUCTION" missed="0" covered="4"/><counter type="LINE" missed="0" covered="2"/><counter type="COMPLEXITY" missed="0" covered="1"/><counter type="METHOD" missed="0" covered="1"/></method><method name="getPassword" desc="()Ljava/lang/String;" line="99"><counter type="INSTRUCTION" missed="0" covered="3"/><counter type="LINE" missed="0" covered="1"/><counter type="COMPLEXITY" missed="0" covered="1"/><counter type="METHOD" missed="0" covered="1"/></method><method name="setPassword" desc="(Ljava/lang/String;)V" line="109"><counter type="INSTRUCTION" missed="0" covered="4"/><counter type="LINE" missed="0" covered="2"/><counter type="COMPLEXITY" missed="0" covered="1"/><counter type="METHOD" missed="0" covered="1"/></method><method name="getCollection" desc="()Ljava/util/List;" line="119"><counter type="INSTRUCTION" missed="0" covered="3"/><counter type="LINE" missed="0" covered="1"/><counter type="COMPLEXITY" missed="0" covered="1"/><counter type="METHOD" missed="0" covered="1"/></method><method name="setCollection" desc="(Ljava/util/List;)V" line="129"><counter type="INSTRUCTION" missed="0" covered="4"/><counter type="LINE" missed="0" covered="2"/><counter type="COMPLEXITY" missed="0" covered="1"/><counter type="METHOD" missed="0" covered="1"/></method><method name="getWishlist" desc="()Ljava/util/List;" line="139"><counter type="INSTRUCTION" missed="0" covered="3"/><counter type="LINE" missed="0" covered="1"/><counter type="COMPLEXITY" missed="0" covered="1"/><counter type="METHOD" missed="0" covered="1"/></method><method name="setWishlist" desc="(Ljava/util/List;)V" line="149"><counter type="INSTRUCTION" missed="0" covered="4"/><counter type="LINE" missed="0" covered="2"/><counter type="COMPLEXITY" missed="0" covered="1"/><counter type="METHOD" missed="0" covered="1"/></method><method name="getTradeList" desc="()Ljava/util/List;" line="159"><counter type="INSTRUCTION" missed="0" covered="3"/><counter type="LINE" missed="0" covered="1"/><counter type="COMPLEXITY" missed="0" covered="1"/><counter type="METHOD" missed="0" covered="1"/></method><method name="setTradeList" desc="(Ljava/util/List;)V" line="169"><counter type="INSTRUCTION" missed="0" covered="4"/><counter type="LINE" missed="0" covered="2"/><counter type="COMPLEXITY" missed="0" covered="1"/><counter type="METHOD" missed="0" covered="1"/></method><method name="addToCollection" desc="(Ljava/lang/Object;)V" line="179"><counter type="INSTRUCTION" missed="0" covered="6"/><counter type="LINE" missed="0" covered="2"/><counter type="COMPLEXITY" missed="0" covered="1"/><counter type="METHOD" missed="0" covered="1"/></method><method name="removeFromCollection" desc="(Ljava/lang/Object;)V" line="189"><counter type="INSTRUCTION" missed="0" covered="6"/><counter type="LINE" missed="0" covered="2"/><counter type="COMPLEXITY" missed="0" covered="1"/><counter type="METHOD" missed="0" covered="1"/></method><method name="addToWishlist" desc="(Ljava/lang/Object;)V" line="199"><counter type="INSTRUCTION" missed="0" covered="6"/><counter type="LINE" missed="0" covered="2"/><counter type="COMPLEXITY" missed="0" covered="1"/><counter type="METHOD" missed="0" covered="1"/></method><method name="removeFromWishlist" desc="(Ljava/lang/Object;)V" line="209"><counter type="INSTRUCTION" missed="0" covered="6"/><counter type="LINE" missed="0" covered="2"/><counter type="COMPLEXITY" missed="0" covered="1"/><counter type="METHOD" missed="0" covered="1"/></method><method name="addToTradeList" desc="(Ljava/lang/Object;)V" line="219"><counter type="INSTRUCTION" missed="0" covered="6"/><counter type="LINE" missed="0" covered="2"/><counter type="COMPLEXITY" missed="0" covered="1"/><counter type="METHOD" missed="0" covered="1"/></method><method name="removeFromTradeList" desc="(Ljava/lang/Object;)V" line="229"><counter type="INSTRUCTION" missed="0" covered="6"/><counter type="LINE" missed="0" covered="2"/><counter type="COMPLEXITY" missed="0" covered="1"/><counter type="METHOD" missed="0" covered="1"/></method><method name="toString" desc="()Ljava/lang/String;" line="240"><counter type="INSTRUCTION" missed="0" covered="36"/><counter type="LINE" missed="0" covered="1"/><counter type="COMPLEXITY" missed="0" covered="1"/><counter type="METHOD" missed="0" covered="1"/></method><counter type="INSTRUCTION" missed="0" covered="141"/><counter type="LINE" missed="0" covered="39"/><counter type="COMPLEXITY" missed="0" covered="20"/><counter type="METHOD" missed="0" covered="20"/><counter type="CLASS" missed="0" covered="1"/></class><class name="com/mehmetali/comic_manager/EventManager" sourcefilename="EventManager.java"><method name="&lt;init&gt;" desc="()V" line="29"><counter type="INSTRUCTION" missed="0" covered="7"/><counter type="LINE" missed="0" covered="3"/><counter type="COMPLEXITY" missed="0" covered="1"/><counter type="METHOD" missed="0" covered="1"/></method><method name="AddEvent" desc="(Lcom/mehmetali/comic_manager/Event;)Ljava/lang/String;" line="40"><counter type="INSTRUCTION" missed="0" covered="26"/><counter type="BRANCH" missed="0" covered="2"/><counter type="LINE" missed="0" covered="7"/><counter type="COMPLEXITY" missed="0" covered="2"/><counter type="METHOD" missed="0" covered="1"/></method><method name="listEvents" desc="()I" line="58"><counter type="INSTRUCTION" missed="0" covered="68"/><counter type="BRANCH" missed="0" covered="4"/><counter type="LINE" missed="0" covered="12"/><counter type="COMPLEXITY" missed="0" covered="3"/><counter type="METHOD" missed="0" covered="1"/></method><method name="listEventsByCondition" desc="(Ljava/lang/String;)I" line="85"><counter type="INSTRUCTION" missed="0" covered="93"/><counter type="BRANCH" missed="0" covered="6"/><counter type="LINE" missed="0" covered="14"/><counter type="COMPLEXITY" missed="0" covered="4"/><counter type="METHOD" missed="0" covered="1"/></method><method name="deleteEventByID" desc="(I)I" line="115"><counter type="INSTRUCTION" missed="3" covered="41"/><counter type="BRANCH" missed="2" covered="4"/><counter type="LINE" missed="2" covered="11"/><counter type="COMPLEXITY" missed="2" covered="2"/><counter type="METHOD" missed="0" covered="1"/></method><method name="updateEventTitleByID" desc="(ILjava/lang/String;Ljava/lang/String;)I" line="145"><counter type="INSTRUCTION" missed="3" covered="42"/><counter type="BRANCH" missed="2" covered="4"/><counter type="LINE" missed="2" covered="12"/><counter type="COMPLEXITY" missed="2" covered="2"/><counter type="METHOD" missed="0" covered="1"/></method><method name="isEventNameAvailable" desc="(Ljava/lang/String;)Z" line="174"><counter type="INSTRUCTION" missed="0" covered="21"/><counter type="BRANCH" missed="0" covered="4"/><counter type="LINE" missed="0" covered="5"/><counter type="COMPLEXITY" missed="0" covered="3"/><counter type="METHOD" missed="0" covered="1"/></method><method name="isEventIDAvailable" desc="(I)Z" line="191"><counter type="INSTRUCTION" missed="0" covered="20"/><counter type="BRANCH" missed="0" covered="4"/><counter type="LINE" missed="0" covered="5"/><counter type="COMPLEXITY" missed="0" covered="3"/><counter type="METHOD" missed="0" covered="1"/></method><method name="getEventTitleByID" desc="(I)Ljava/lang/String;" line="208"><counter type="INSTRUCTION" missed="3" covered="18"/><counter type="BRANCH" missed="1" covered="3"/><counter type="LINE" missed="1" covered="4"/><counter type="COMPLEXITY" missed="1" covered="2"/><counter type="METHOD" missed="0" covered="1"/></method><method name="readUsersFromFile" desc="()Ljava/util/List;" line="224"><counter type="INSTRUCTION" missed="1" covered="40"/><counter type="BRANCH" missed="1" covered="3"/><counter type="LINE" missed="0" covered="11"/><counter type="COMPLEXITY" missed="1" covered="2"/><counter type="METHOD" missed="0" covered="1"/></method><method name="saveUsersToFile" desc="(Ljava/util/List;)I" line="252"><counter type="INSTRUCTION" missed="3" covered="17"/><counter type="LINE" missed="2" covered="4"/><counter type="COMPLEXITY" missed="0" covered="1"/><counter type="METHOD" missed="0" covered="1"/></method><counter type="INSTRUCTION" missed="13" covered="393"/><counter type="BRANCH" missed="6" covered="34"/><counter type="LINE" missed="7" covered="88"/><counter type="COMPLEXITY" missed="6" covered="25"/><counter type="METHOD" missed="0" covered="11"/><counter type="CLASS" missed="0" covered="1"/></class><class name="com/mehmetali/comic_manager/TradeManager" sourcefilename="TradeManager.java"><method name="&lt;init&gt;" desc="()V" line="31"><counter type="INSTRUCTION" missed="0" covered="7"/><counter type="LINE" missed="0" covered="3"/><counter type="COMPLEXITY" missed="0" covered="1"/><counter type="METHOD" missed="0" covered="1"/></method><method name="AddTrade" desc="(Lcom/mehmetali/comic_manager/Trade;)I" line="44"><counter type="INSTRUCTION" missed="0" covered="25"/><counter type="BRANCH" missed="0" covered="2"/><counter type="LINE" missed="0" covered="7"/><counter type="COMPLEXITY" missed="0" covered="2"/><counter type="METHOD" missed="0" covered="1"/></method><method name="listAllTradeList" desc="()I" line="63"><counter type="INSTRUCTION" missed="0" covered="90"/><counter type="BRANCH" missed="0" covered="4"/><counter type="LINE" missed="0" covered="14"/><counter type="COMPLEXITY" missed="0" covered="3"/><counter type="METHOD" missed="0" covered="1"/></method><method name="listMyTradeList" desc="(Ljava/lang/String;)I" line="92"><counter type="INSTRUCTION" missed="0" covered="104"/><counter type="BRANCH" missed="1" covered="5"/><counter type="LINE" missed="0" covered="15"/><counter type="COMPLEXITY" missed="1" covered="3"/><counter type="METHOD" missed="0" covered="1"/></method><method name="deleteTradeByID" desc="(I)I" line="124"><counter type="INSTRUCTION" missed="3" covered="58"/><counter type="BRANCH" missed="2" covered="4"/><counter type="LINE" missed="2" covered="13"/><counter type="COMPLEXITY" missed="2" covered="2"/><counter type="METHOD" missed="0" covered="1"/></method><method name="BuyTradeByID" desc="(I)I" line="155"><counter type="INSTRUCTION" missed="2" covered="76"/><counter type="BRANCH" missed="1" covered="5"/><counter type="LINE" missed="1" covered="18"/><counter type="COMPLEXITY" missed="1" covered="3"/><counter type="METHOD" missed="0" covered="1"/></method><method name="isTradeNameAvailable" desc="(Ljava/lang/String;)Z" line="189"><counter type="INSTRUCTION" missed="0" covered="21"/><counter type="BRANCH" missed="0" covered="4"/><counter type="LINE" missed="0" covered="5"/><counter type="COMPLEXITY" missed="0" covered="3"/><counter type="METHOD" missed="0" covered="1"/></method><method name="getBookValueByID" desc="(I)I" line="206"><counter type="INSTRUCTION" missed="3" covered="18"/><counter type="BRANCH" missed="1" covered="3"/><counter type="LINE" missed="1" covered="4"/><counter type="COMPLEXITY" missed="1" covered="2"/><counter type="METHOD" missed="0" covered="1"/></method><method name="isTradeIDAvailable" desc="(I)Z" line="223"><counter type="INSTRUCTION" missed="0" covered="20"/><counter type="BRANCH" missed="0" covered="4"/><counter type="LINE" missed="0" covered="5"/><counter type="COMPLEXITY" missed="0" covered="3"/><counter type="METHOD" missed="0" covered="1"/></method><method name="getTradeTitleByID" desc="(I)Ljava/lang/String;" line="240"><counter type="INSTRUCTION" missed="21" covered="0"/><counter type="BRANCH" missed="4" covered="0"/><counter type="LINE" missed="5" covered="0"/><counter type="COMPLEXITY" missed="3" covered="0"/><counter type="METHOD" missed="1" covered="0"/></method><method name="readUsersFromFile" desc="()Ljava/util/List;" line="257"><counter type="INSTRUCTION" missed="15" covered="41"/><counter type="BRANCH" missed="1" covered="3"/><counter type="LINE" missed="3" covered="11"/><counter type="COMPLEXITY" missed="1" covered="2"/><counter type="METHOD" missed="0" covered="1"/></method><method name="saveUsersToFile" desc="(Ljava/util/List;)I" line="289"><counter type="INSTRUCTION" missed="14" covered="20"/><counter type="LINE" missed="3" covered="5"/><counter type="COMPLEXITY" missed="0" covered="1"/><counter type="METHOD" missed="0" covered="1"/></method><method name="&lt;clinit&gt;" desc="()V" line="23"><counter type="INSTRUCTION" missed="0" covered="9"/><counter type="LINE" missed="0" covered="2"/><counter type="COMPLEXITY" missed="0" covered="1"/><counter type="METHOD" missed="0" covered="1"/></method><counter type="INSTRUCTION" missed="58" covered="489"/><counter type="BRANCH" missed="10" covered="34"/><counter type="LINE" missed="15" covered="102"/><counter type="COMPLEXITY" missed="9" covered="26"/><counter type="METHOD" missed="1" covered="12"/><counter type="CLASS" missed="0" covered="1"/></class><class name="com/mehmetali/comic_manager/Event" sourcefilename="Event.java"><method name="&lt;init&gt;" desc="(ILjava/lang/String;Ljava/lang/String;Ljava/lang/String;)V" line="34"><counter type="INSTRUCTION" missed="0" covered="15"/><counter type="LINE" missed="0" covered="6"/><counter type="COMPLEXITY" missed="0" covered="1"/><counter type="METHOD" missed="0" covered="1"/></method><method name="geteventID" desc="()I" line="48"><counter type="INSTRUCTION" missed="0" covered="3"/><counter type="LINE" missed="0" covered="1"/><counter type="COMPLEXITY" missed="0" covered="1"/><counter type="METHOD" missed="0" covered="1"/></method><method name="seteventID" desc="(I)V" line="58"><counter type="INSTRUCTION" missed="0" covered="4"/><counter type="LINE" missed="0" covered="2"/><counter type="COMPLEXITY" missed="0" covered="1"/><counter type="METHOD" missed="0" covered="1"/></method><method name="getTitle" desc="()Ljava/lang/String;" line="68"><counter type="INSTRUCTION" missed="0" covered="3"/><counter type="LINE" missed="0" covered="1"/><counter type="COMPLEXITY" missed="0" covered="1"/><counter type="METHOD" missed="0" covered="1"/></method><method name="setTitle" desc="(Ljava/lang/String;)V" line="78"><counter type="INSTRUCTION" missed="0" covered="4"/><counter type="LINE" missed="0" covered="2"/><counter type="COMPLEXITY" missed="0" covered="1"/><counter type="METHOD" missed="0" covered="1"/></method><method name="getContent" desc="()Ljava/lang/String;" line="88"><counter type="INSTRUCTION" missed="0" covered="3"/><counter type="LINE" missed="0" covered="1"/><counter type="COMPLEXITY" missed="0" covered="1"/><counter type="METHOD" missed="0" covered="1"/></method><method name="setContent" desc="(Ljava/lang/String;)V" line="98"><counter type="INSTRUCTION" missed="0" covered="4"/><counter type="LINE" missed="0" covered="2"/><counter type="COMPLEXITY" missed="0" covered="1"/><counter type="METHOD" missed="0" covered="1"/></method><method name="getUser" desc="()Ljava/lang/String;" line="108"><counter type="INSTRUCTION" missed="0" covered="3"/><counter type="LINE" missed="0" covered="1"/><counter type="COMPLEXITY" missed="0" covered="1"/><counter type="METHOD" missed="0" covered="1"/></method><method name="setUser" desc="(Ljava/lang/String;)V" line="118"><counter type="INSTRUCTION" missed="0" covered="4"/><counter type="LINE" missed="0" covered="2"/><counter type="COMPLEXITY" missed="0" covered="1"/><counter type="METHOD" missed="0" covered="1"/></method><method name="toString" desc="()Ljava/lang/String;" line="129"><counter type="INSTRUCTION" missed="0" covered="29"/><counter type="LINE" missed="0" covered="1"/><counter type="COMPLEXITY" missed="0" covered="1"/><counter type="METHOD" missed="0" covered="1"/></method><counter type="INSTRUCTION" missed="0" covered="72"/><counter type="LINE" missed="0" covered="19"/><counter type="COMPLEXITY" missed="0" covered="10"/><counter type="METHOD" missed="0" covered="10"/><counter type="CLASS" missed="0" covered="1"/></class><class name="com/mehmetali/comic_manager/WishManager" sourcefilename="WishManager.java"><method name="&lt;init&gt;" desc="()V" line="26"><counter type="INSTRUCTION" missed="0" covered="20"/><counter type="LINE" missed="0" covered="5"/><counter type="COMPLEXITY" missed="0" covered="1"/><counter type="METHOD" missed="0" covered="1"/></method><method name="AddBook" desc="(Lcom/mehmetali/comic_manager/Wish;)I" line="59"><counter type="INSTRUCTION" missed="0" covered="31"/><counter type="BRANCH" missed="0" covered="2"/><counter type="LINE" missed="0" covered="8"/><counter type="COMPLEXITY" missed="0" covered="2"/><counter type="METHOD" missed="0" covered="1"/></method><method name="listBooks" desc="()I" line="78"><counter type="INSTRUCTION" missed="0" covered="91"/><counter type="BRANCH" missed="0" covered="4"/><counter type="LINE" missed="0" covered="14"/><counter type="COMPLEXITY" missed="0" covered="3"/><counter type="METHOD" missed="0" covered="1"/></method><method name="listBooksByUser" desc="(Ljava/lang/String;)I" line="107"><counter type="INSTRUCTION" missed="0" covered="105"/><counter type="BRANCH" missed="1" covered="5"/><counter type="LINE" missed="0" covered="15"/><counter type="COMPLEXITY" missed="1" covered="3"/><counter type="METHOD" missed="0" covered="1"/></method><method name="deleteBookByID" desc="(I)I" line="138"><counter type="INSTRUCTION" missed="2" covered="43"/><counter type="BRANCH" missed="1" covered="5"/><counter type="LINE" missed="1" covered="12"/><counter type="COMPLEXITY" missed="1" covered="3"/><counter type="METHOD" missed="0" covered="1"/></method><method name="isBookNameAvailable" desc="(Ljava/lang/String;)Z" line="166"><counter type="INSTRUCTION" missed="1" covered="20"/><counter type="BRANCH" missed="1" covered="3"/><counter type="LINE" missed="1" covered="4"/><counter type="COMPLEXITY" missed="1" covered="2"/><counter type="METHOD" missed="0" covered="1"/></method><method name="readFromFile" desc="(Ljava/lang/String;)Ljava/util/List;" line="183"><counter type="INSTRUCTION" missed="35" covered="44"/><counter type="BRANCH" missed="1" covered="3"/><counter type="LINE" missed="5" covered="11"/><counter type="COMPLEXITY" missed="1" covered="2"/><counter type="METHOD" missed="0" covered="1"/></method><method name="writeToFile" desc="(Ljava/util/List;Ljava/lang/String;)I" line="217"><counter type="INSTRUCTION" missed="14" covered="17"/><counter type="LINE" missed="3" covered="4"/><counter type="COMPLEXITY" missed="0" covered="1"/><counter type="METHOD" missed="0" covered="1"/></method><method name="&lt;clinit&gt;" desc="()V" line="25"><counter type="INSTRUCTION" missed="0" covered="5"/><counter type="LINE" missed="0" covered="1"/><counter type="COMPLEXITY" missed="0" covered="1"/><counter type="METHOD" missed="0" covered="1"/></method><counter type="INSTRUCTION" missed="52" covered="376"/><counter type="BRANCH" missed="4" covered="22"/><counter type="LINE" missed="10" covered="74"/><counter type="COMPLEXITY" missed="4" covered="18"/><counter type="METHOD" missed="0" covered="9"/><counter type="CLASS" missed="0" covered="1"/></class><class name="com/mehmetali/comic_manager/Wish" sourcefilename="Wish.java"><method name="&lt;init&gt;" desc="(ILjava/lang/String;ILjava/lang/String;I)V" line="36"><counter type="INSTRUCTION" missed="0" covered="18"/><counter type="LINE" missed="0" covered="7"/><counter type="COMPLEXITY" missed="0" covered="1"/><counter type="METHOD" missed="0" covered="1"/></method><method name="getComicID" desc="()I" line="51"><counter type="INSTRUCTION" missed="0" covered="3"/><counter type="LINE" missed="0" covered="1"/><counter type="COMPLEXITY" missed="0" covered="1"/><counter type="METHOD" missed="0" covered="1"/></method><method name="setComicID" desc="(I)V" line="61"><counter type="INSTRUCTION" missed="0" covered="4"/><counter type="LINE" missed="0" covered="2"/><counter type="COMPLEXITY" missed="0" covered="1"/><counter type="METHOD" missed="0" covered="1"/></method><method name="getTitle" desc="()Ljava/lang/String;" line="71"><counter type="INSTRUCTION" missed="0" covered="3"/><counter type="LINE" missed="0" covered="1"/><counter type="COMPLEXITY" missed="0" covered="1"/><counter type="METHOD" missed="0" covered="1"/></method><method name="setTitle" desc="(Ljava/lang/String;)V" line="81"><counter type="INSTRUCTION" missed="0" covered="4"/><counter type="LINE" missed="0" covered="2"/><counter type="COMPLEXITY" missed="0" covered="1"/><counter type="METHOD" missed="0" covered="1"/></method><method name="getpageNumber" desc="()I" line="91"><counter type="INSTRUCTION" missed="0" covered="3"/><counter type="LINE" missed="0" covered="1"/><counter type="COMPLEXITY" missed="0" covered="1"/><counter type="METHOD" missed="0" covered="1"/></method><method name="setpageNumber" desc="(I)V" line="101"><counter type="INSTRUCTION" missed="0" covered="4"/><counter type="LINE" missed="0" covered="2"/><counter type="COMPLEXITY" missed="0" covered="1"/><counter type="METHOD" missed="0" covered="1"/></method><method name="getuser" desc="()Ljava/lang/String;" line="111"><counter type="INSTRUCTION" missed="0" covered="3"/><counter type="LINE" missed="0" covered="1"/><counter type="COMPLEXITY" missed="0" covered="1"/><counter type="METHOD" missed="0" covered="1"/></method><method name="setuser" desc="(Ljava/lang/String;)V" line="121"><counter type="INSTRUCTION" missed="0" covered="4"/><counter type="LINE" missed="0" covered="2"/><counter type="COMPLEXITY" missed="0" covered="1"/><counter type="METHOD" missed="0" covered="1"/></method><method name="getValue" desc="()I" line="131"><counter type="INSTRUCTION" missed="0" covered="3"/><counter type="LINE" missed="0" covered="1"/><counter type="COMPLEXITY" missed="0" covered="1"/><counter type="METHOD" missed="0" covered="1"/></method><method name="setValue" desc="(I)V" line="141"><counter type="INSTRUCTION" missed="0" covered="4"/><counter type="LINE" missed="0" covered="2"/><counter type="COMPLEXITY" missed="0" covered="1"/><counter type="METHOD" missed="0" covered="1"/></method><method name="toString" desc="()Ljava/lang/String;" line="152"><counter type="INSTRUCTION" missed="36" covered="0"/><counter type="LINE" missed="1" covered="0"/><counter type="COMPLEXITY" missed="1" covered="0"/><counter type="METHOD" missed="1" covered="0"/></method><counter type="INSTRUCTION" missed="36" covered="53"/><counter type="LINE" missed="1" covered="22"/><counter type="COMPLEXITY" missed="1" covered="11"/><counter type="METHOD" missed="1" covered="11"/><counter type="CLASS" missed="0" covered="1"/></class><class name="com/mehmetali/comic_manager/WishManager$WishWriter" sourcefilename="WishManager.java"/><class name="com/mehmetali/comic_manager/BookManager" sourcefilename="BookManager.java"><method name="&lt;init&gt;" desc="()V" line="22"><counter type="INSTRUCTION" missed="0" covered="20"/><counter type="LINE" missed="0" covered="5"/><counter type="COMPLEXITY" missed="0" covered="1"/><counter type="METHOD" missed="0" covered="1"/></method><method name="AddBook" desc="(Lcom/mehmetali/comic_manager/Book;)Ljava/lang/String;" line="41"><counter type="INSTRUCTION" missed="0" covered="25"/><counter type="BRANCH" missed="0" covered="2"/><counter type="LINE" missed="0" covered="6"/><counter type="COMPLEXITY" missed="0" covered="2"/><counter type="METHOD" missed="0" covered="1"/></method><method name="listBooks" desc="()I" line="58"><counter type="INSTRUCTION" missed="0" covered="91"/><counter type="BRANCH" missed="0" covered="4"/><counter type="LINE" missed="0" covered="14"/><counter type="COMPLEXITY" missed="0" covered="3"/><counter type="METHOD" missed="0" covered="1"/></method><method name="listBooksByCondition" desc="(Ljava/lang/String;)I" line="87"><counter type="INSTRUCTION" missed="0" covered="105"/><counter type="BRANCH" missed="1" covered="5"/><counter type="LINE" missed="0" covered="15"/><counter type="COMPLEXITY" missed="1" covered="3"/><counter type="METHOD" missed="0" covered="1"/></method><method name="deleteBookByID" desc="(I)I" line="118"><counter type="INSTRUCTION" missed="2" covered="43"/><counter type="BRANCH" missed="1" covered="5"/><counter type="LINE" missed="1" covered="12"/><counter type="COMPLEXITY" missed="1" covered="3"/><counter type="METHOD" missed="0" covered="1"/></method><method name="updateBookTitleByID" desc="(ILjava/lang/String;II)I" line="149"><counter type="INSTRUCTION" missed="3" covered="46"/><counter type="BRANCH" missed="2" covered="4"/><counter type="LINE" missed="2" covered="13"/><counter type="COMPLEXITY" missed="2" covered="2"/><counter type="METHOD" missed="0" covered="1"/></method><method name="isBookNameAvailable" desc="(Ljava/lang/String;)Z" line="178"><counter type="INSTRUCTION" missed="0" covered="21"/><counter type="BRANCH" missed="0" covered="4"/><counter type="LINE" missed="0" covered="5"/><counter type="COMPLEXITY" missed="0" covered="3"/><counter type="METHOD" missed="0" covered="1"/></method><method name="isBookIDAvailable" desc="(I)Z" line="194"><counter type="INSTRUCTION" missed="0" covered="20"/><counter type="BRANCH" missed="0" covered="4"/><counter type="LINE" missed="0" covered="5"/><counter type="COMPLEXITY" missed="0" covered="3"/><counter type="METHOD" missed="0" covered="1"/></method><method name="getBookTitleByID" desc="(I)Ljava/lang/String;" line="210"><counter type="INSTRUCTION" missed="0" covered="21"/><counter type="BRANCH" missed="0" covered="4"/><counter type="LINE" missed="0" covered="5"/><counter type="COMPLEXITY" missed="0" covered="3"/><counter type="METHOD" missed="0" covered="1"/></method><method name="getBookPageNumberByID" desc="(I)I" line="227"><counter type="INSTRUCTION" missed="2" covered="19"/><counter type="BRANCH" missed="1" covered="3"/><counter type="LINE" missed="1" covered="4"/><counter type="COMPLEXITY" missed="1" covered="2"/><counter type="METHOD" missed="0" covered="1"/></method><method name="getBookValueByID" desc="(I)I" line="244"><counter type="INSTRUCTION" missed="3" covered="18"/><counter type="BRANCH" missed="2" covered="2"/><counter type="LINE" missed="2" covered="3"/><counter type="COMPLEXITY" missed="2" covered="1"/><counter type="METHOD" missed="0" covered="1"/></method><method name="readUsersFromFile" desc="(Ljava/lang/String;)Ljava/util/List;" line="261"><counter type="INSTRUCTION" missed="35" covered="44"/><counter type="BRANCH" missed="1" covered="3"/><counter type="LINE" missed="5" covered="11"/><counter type="COMPLEXITY" missed="1" covered="2"/><counter type="METHOD" missed="0" covered="1"/></method><method name="saveUsersToFile" desc="(Ljava/util/List;Ljava/lang/String;)I" line="295"><counter type="INSTRUCTION" missed="14" covered="17"/><counter type="LINE" missed="3" covered="4"/><counter type="COMPLEXITY" missed="0" covered="1"/><counter type="METHOD" missed="0" covered="1"/></method><method name="&lt;clinit&gt;" desc="()V" line="20"><counter type="INSTRUCTION" missed="0" covered="5"/><counter type="LINE" missed="0" covered="1"/><counter type="COMPLEXITY" missed="0" covered="1"/><counter type="METHOD" missed="0" covered="1"/></method><counter type="INSTRUCTION" missed="59" covered="495"/><counter type="BRANCH" missed="8" covered="40"/><counter type="LINE" missed="14" covered="103"/><counter type="COMPLEXITY" missed="8" covered="30"/><counter type="METHOD" missed="0" covered="14"/><counter type="CLASS" missed="0" covered="1"/></class><class name="com/mehmetali/comic_manager/Trade" sourcefilename="Trade.java"><method name="&lt;init&gt;" desc="(ILjava/lang/String;ILjava/lang/String;I)V" line="36"><counter type="INSTRUCTION" missed="0" covered="18"/><counter type="LINE" missed="0" covered="7"/><counter type="COMPLEXITY" missed="0" covered="1"/><counter type="METHOD" missed="0" covered="1"/></method><method name="getComicID" desc="()I" line="51"><counter type="INSTRUCTION" missed="0" covered="3"/><counter type="LINE" missed="0" covered="1"/><counter type="COMPLEXITY" missed="0" covered="1"/><counter type="METHOD" missed="0" covered="1"/></method><method name="setComicID" desc="(I)V" line="61"><counter type="INSTRUCTION" missed="0" covered="4"/><counter type="LINE" missed="0" covered="2"/><counter type="COMPLEXITY" missed="0" covered="1"/><counter type="METHOD" missed="0" covered="1"/></method><method name="getTitle" desc="()Ljava/lang/String;" line="71"><counter type="INSTRUCTION" missed="0" covered="3"/><counter type="LINE" missed="0" covered="1"/><counter type="COMPLEXITY" missed="0" covered="1"/><counter type="METHOD" missed="0" covered="1"/></method><method name="setTitle" desc="(Ljava/lang/String;)V" line="81"><counter type="INSTRUCTION" missed="0" covered="4"/><counter type="LINE" missed="0" covered="2"/><counter type="COMPLEXITY" missed="0" covered="1"/><counter type="METHOD" missed="0" covered="1"/></method><method name="getpageNumber" desc="()I" line="91"><counter type="INSTRUCTION" missed="0" covered="3"/><counter type="LINE" missed="0" covered="1"/><counter type="COMPLEXITY" missed="0" covered="1"/><counter type="METHOD" missed="0" covered="1"/></method><method name="setpageNumber" desc="(I)V" line="101"><counter type="INSTRUCTION" missed="0" covered="4"/><counter type="LINE" missed="0" covered="2"/><counter type="COMPLEXITY" missed="0" covered="1"/><counter type="METHOD" missed="0" covered="1"/></method><method name="getuser" desc="()Ljava/lang/String;" line="111"><counter type="INSTRUCTION" missed="0" covered="3"/><counter type="LINE" missed="0" covered="1"/><counter type="COMPLEXITY" missed="0" covered="1"/><counter type="METHOD" missed="0" covered="1"/></method><method name="setuser" desc="(Ljava/lang/String;)V" line="121"><counter type="INSTRUCTION" missed="0" covered="4"/><counter type="LINE" missed="0" covered="2"/><counter type="COMPLEXITY" missed="0" covered="1"/><counter type="METHOD" missed="0" covered="1"/></method><method name="getValue" desc="()I" line="131"><counter type="INSTRUCTION" missed="0" covered="3"/><counter type="LINE" missed="0" covered="1"/><counter type="COMPLEXITY" missed="0" covered="1"/><counter type="METHOD" missed="0" covered="1"/></method><method name="setValue" desc="(I)V" line="141"><counter type="INSTRUCTION" missed="0" covered="4"/><counter type="LINE" missed="0" covered="2"/><counter type="COMPLEXITY" missed="0" covered="1"/><counter type="METHOD" missed="0" covered="1"/></method><method name="toString" desc="()Ljava/lang/String;" line="152"><counter type="INSTRUCTION" missed="36" covered="0"/><counter type="LINE" missed="1" covered="0"/><counter type="COMPLEXITY" missed="1" covered="0"/><counter type="METHOD" missed="1" covered="0"/></method><counter type="INSTRUCTION" missed="36" covered="53"/><counter type="LINE" missed="1" covered="22"/><counter type="COMPLEXITY" missed="1" covered="11"/><counter type="METHOD" missed="1" covered="11"/><counter type="CLASS" missed="0" covered="1"/></class><class name="com/mehmetali/comic_manager/Book" sourcefilename="Book.java"><method name="&lt;init&gt;" desc="(ILjava/lang/String;ILjava/lang/String;I)V" line="37"><counter type="INSTRUCTION" missed="0" covered="18"/><counter type="LINE" missed="0" covered="7"/><counter type="COMPLEXITY" missed="0" covered="1"/><counter type="METHOD" missed="0" covered="1"/></method><method name="getComicID" desc="()I" line="52"><counter type="INSTRUCTION" missed="0" covered="3"/><counter type="LINE" missed="0" covered="1"/><counter type="COMPLEXITY" missed="0" covered="1"/><counter type="METHOD" missed="0" covered="1"/></method><method name="setComicID" desc="(I)V" line="62"><counter type="INSTRUCTION" missed="0" covered="4"/><counter type="LINE" missed="0" covered="2"/><counter type="COMPLEXITY" missed="0" covered="1"/><counter type="METHOD" missed="0" covered="1"/></method><method name="getTitle" desc="()Ljava/lang/String;" line="72"><counter type="INSTRUCTION" missed="0" covered="3"/><counter type="LINE" missed="0" covered="1"/><counter type="COMPLEXITY" missed="0" covered="1"/><counter type="METHOD" missed="0" covered="1"/></method><method name="setTitle" desc="(Ljava/lang/String;)V" line="82"><counter type="INSTRUCTION" missed="0" covered="4"/><counter type="LINE" missed="0" covered="2"/><counter type="COMPLEXITY" missed="0" covered="1"/><counter type="METHOD" missed="0" covered="1"/></method><method name="getpageNumber" desc="()I" line="92"><counter type="INSTRUCTION" missed="0" covered="3"/><counter type="LINE" missed="0" covered="1"/><counter type="COMPLEXITY" missed="0" covered="1"/><counter type="METHOD" missed="0" covered="1"/></method><method name="setpageNumber" desc="(I)V" line="102"><counter type="INSTRUCTION" missed="0" covered="4"/><counter type="LINE" missed="0" covered="2"/><counter type="COMPLEXITY" missed="0" covered="1"/><counter type="METHOD" missed="0" covered="1"/></method><method name="getuser" desc="()Ljava/lang/String;" line="112"><counter type="INSTRUCTION" missed="0" covered="3"/><counter type="LINE" missed="0" covered="1"/><counter type="COMPLEXITY" missed="0" covered="1"/><counter type="METHOD" missed="0" covered="1"/></method><method name="setuser" desc="(Ljava/lang/String;)V" line="122"><counter type="INSTRUCTION" missed="0" covered="4"/><counter type="LINE" missed="0" covered="2"/><counter type="COMPLEXITY" missed="0" covered="1"/><counter type="METHOD" missed="0" covered="1"/></method><method name="getValue" desc="()I" line="132"><counter type="INSTRUCTION" missed="0" covered="3"/><counter type="LINE" missed="0" covered="1"/><counter type="COMPLEXITY" missed="0" covered="1"/><counter type="METHOD" missed="0" covered="1"/></method><method name="setValue" desc="(I)V" line="142"><counter type="INSTRUCTION" missed="0" covered="4"/><counter type="LINE" missed="0" covered="2"/><counter type="COMPLEXITY" missed="0" covered="1"/><counter type="METHOD" missed="0" covered="1"/></method><method name="toString" desc="()Ljava/lang/String;" line="153"><counter type="INSTRUCTION" missed="36" covered="0"/><counter type="LINE" missed="1" covered="0"/><counter type="COMPLEXITY" missed="1" covered="0"/><counter type="METHOD" missed="1" covered="0"/></method><counter type="INSTRUCTION" missed="36" covered="53"/><counter type="LINE" missed="1" covered="22"/><counter type="COMPLEXITY" missed="1" covered="11"/><counter type="METHOD" missed="1" covered="11"/><counter type="CLASS" missed="0" covered="1"/></class><sourcefile name="Main.java"><line nr="20" mi="3" ci="0" mb="0" cb="0"/><line nr="35" mi="0" ci="5" mb="0" cb="0"/><line nr="38" mi="0" ci="4" mb="0" cb="0"/><line nr="41" mi="0" ci="4" mb="0" cb="0"/><line nr="44" mi="0" ci="4" mb="0" cb="0"/><line nr="47" mi="0" ci="4" mb="0" cb="0"/><line nr="50" mi="0" ci="4" mb="0" cb="0"/><line nr="53" mi="0" ci="3" mb="0" cb="0"/><line nr="63" mi="0" ci="3" mb="0" cb="0"/><line nr="64" mi="0" ci="14" mb="0" cb="0"/><line nr="65" mi="0" ci="3" mb="0" cb="0"/><line nr="66" mi="0" ci="4" mb="0" cb="0"/><line nr="68" mi="0" ci="2" mb="0" cb="2"/><line nr="69" mi="0" ci="21" mb="0" cb="0"/><line nr="70" mi="0" ci="21" mb="0" cb="0"/><line nr="73" mi="0" ci="16" mb="0" cb="2"/><line nr="74" mi="0" ci="14" mb="0" cb="0"/><line nr="77" mi="0" ci="3" mb="0" cb="0"/><line nr="78" mi="0" ci="3" mb="0" cb="0"/><line nr="79" mi="0" ci="1" mb="0" cb="0"/><line nr="90" mi="0" ci="18" mb="0" cb="0"/><line nr="102" mi="0" ci="5" mb="0" cb="0"/><line nr="103" mi="0" ci="4" mb="0" cb="0"/><line nr="104" mi="0" ci="4" mb="0" cb="0"/><line nr="105" mi="0" ci="15" mb="0" cb="0"/><line nr="119" mi="0" ci="5" mb="1" cb="1"/><line nr="120" mi="22" ci="0" mb="0" cb="0"/><line nr="124" mi="0" ci="3" mb="0" cb="0"/><line nr="125" mi="0" ci="2" mb="0" cb="0"/><line nr="127" mi="1" ci="0" mb="0" cb="0"/><line nr="129" mi="2" ci="0" mb="0" cb="0"/><line nr="130" mi="0" ci="1" mb="0" cb="0"/><line nr="131" mi="0" ci="1" mb="0" cb="0"/><line nr="141" mi="5" ci="0" mb="0" cb="0"/><line nr="142" mi="4" ci="0" mb="0" cb="0"/><line nr="143" mi="1" ci="0" mb="0" cb="0"/><line nr="155" mi="0" ci="2" mb="0" cb="0"/><line nr="157" mi="0" ci="2" mb="0" cb="2"/><line nr="158" mi="0" ci="2" mb="0" cb="0"/><line nr="159" mi="0" ci="2" mb="0" cb="0"/><line nr="160" mi="0" ci="15" mb="0" cb="0"/><line nr="165" mi="0" ci="3" mb="0" cb="0"/><line nr="166" mi="0" ci="3" mb="0" cb="0"/><line nr="167" mi="0" ci="3" mb="0" cb="0"/><line nr="168" mi="0" ci="2" mb="0" cb="0"/><line nr="170" mi="0" ci="2" mb="1" cb="3"/><line nr="172" mi="0" ci="4" mb="0" cb="0"/><line nr="173" mi="0" ci="1" mb="0" cb="0"/><line nr="176" mi="0" ci="4" mb="0" cb="0"/><line nr="177" mi="0" ci="3" mb="0" cb="0"/><line nr="178" mi="0" ci="3" mb="0" cb="0"/><line nr="180" mi="0" ci="2" mb="1" cb="1"/><line nr="182" mi="0" ci="6" mb="0" cb="0"/><line nr="188" mi="0" ci="2" mb="0" cb="0"/><line nr="191" mi="0" ci="1" mb="0" cb="0"/><line nr="193" mi="0" ci="2" mb="0" cb="0"/><line nr="194" mi="0" ci="2" mb="0" cb="0"/><line nr="207" mi="0" ci="3" mb="0" cb="0"/><line nr="208" mi="0" ci="3" mb="0" cb="0"/><line nr="209" mi="0" ci="3" mb="0" cb="0"/><line nr="210" mi="0" ci="3" mb="0" cb="0"/><line nr="211" mi="0" ci="7" mb="0" cb="0"/><line nr="212" mi="0" ci="4" mb="0" cb="0"/><line nr="213" mi="0" ci="2" mb="0" cb="0"/><line nr="226" mi="0" ci="3" mb="0" cb="0"/><line nr="227" mi="0" ci="3" mb="0" cb="0"/><line nr="228" mi="0" ci="3" mb="0" cb="0"/><line nr="229" mi="0" ci="3" mb="0" cb="0"/><line nr="230" mi="0" ci="3" mb="0" cb="0"/><line nr="231" mi="0" ci="3" mb="0" cb="0"/><line nr="232" mi="0" ci="3" mb="0" cb="0"/><line nr="233" mi="0" ci="3" mb="0" cb="0"/><line nr="234" mi="0" ci="3" mb="0" cb="0"/><line nr="235" mi="0" ci="9" mb="0" cb="0"/><line nr="236" mi="0" ci="4" mb="0" cb="0"/><line nr="237" mi="0" ci="2" mb="0" cb="0"/><line nr="250" mi="0" ci="3" mb="0" cb="0"/><line nr="251" mi="0" ci="4" mb="0" cb="0"/><line nr="252" mi="0" ci="2" mb="0" cb="0"/><line nr="265" mi="0" ci="3" mb="0" cb="0"/><line nr="266" mi="0" ci="3" mb="0" cb="0"/><line nr="267" mi="0" ci="2" mb="0" cb="0"/><line nr="280" mi="0" ci="3" mb="0" cb="0"/><line nr="281" mi="0" ci="3" mb="0" cb="0"/><line nr="282" mi="0" ci="4" mb="0" cb="0"/><line nr="283" mi="0" ci="2" mb="0" cb="0"/><line nr="297" mi="0" ci="3" mb="0" cb="0"/><line nr="298" mi="0" ci="3" mb="0" cb="0"/><line nr="299" mi="0" ci="3" mb="0" cb="0"/><line nr="301" mi="0" ci="3" mb="0" cb="0"/><line nr="302" mi="0" ci="3" mb="0" cb="0"/><line nr="303" mi="0" ci="3" mb="0" cb="0"/><line nr="304" mi="0" ci="3" mb="0" cb="0"/><line nr="305" mi="0" ci="3" mb="0" cb="0"/><line nr="306" mi="0" ci="3" mb="0" cb="0"/><line nr="307" mi="0" ci="3" mb="0" cb="0"/><line nr="308" mi="0" ci="3" mb="0" cb="0"/><line nr="310" mi="0" ci="7" mb="0" cb="0"/><line nr="311" mi="0" ci="2" mb="0" cb="0"/><line nr="326" mi="0" ci="3" mb="0" cb="0"/><line nr="327" mi="0" ci="3" mb="0" cb="0"/><line nr="328" mi="0" ci="3" mb="0" cb="0"/><line nr="331" mi="0" ci="4" mb="0" cb="2"/><line nr="332" mi="0" ci="3" mb="0" cb="0"/><line nr="333" mi="0" ci="2" mb="0" cb="0"/><line nr="337" mi="0" ci="4" mb="0" cb="0"/><line nr="338" mi="0" ci="4" mb="0" cb="0"/><line nr="339" mi="0" ci="4" mb="0" cb="0"/><line nr="341" mi="0" ci="9" mb="0" cb="0"/><line nr="342" mi="0" ci="4" mb="0" cb="0"/><line nr="343" mi="0" ci="2" mb="0" cb="0"/><line nr="356" mi="0" ci="3" mb="0" cb="0"/><line nr="357" mi="0" ci="4" mb="0" cb="0"/><line nr="358" mi="0" ci="2" mb="0" cb="0"/><line nr="371" mi="0" ci="3" mb="0" cb="0"/><line nr="372" mi="0" ci="3" mb="0" cb="0"/><line nr="373" mi="0" ci="4" mb="0" cb="0"/><line nr="374" mi="0" ci="2" mb="0" cb="0"/><line nr="387" mi="0" ci="3" mb="0" cb="0"/><line nr="388" mi="0" ci="3" mb="0" cb="0"/><line nr="390" mi="0" ci="4" mb="0" cb="0"/><line nr="391" mi="0" ci="4" mb="0" cb="0"/><line nr="392" mi="0" ci="4" mb="0" cb="0"/><line nr="394" mi="0" ci="9" mb="0" cb="0"/><line nr="395" mi="0" ci="4" mb="0" cb="0"/><line nr="397" mi="0" ci="4" mb="0" cb="0"/><line nr="398" mi="0" ci="2" mb="0" cb="0"/><line nr="412" mi="0" ci="4" mb="0" cb="0"/><line nr="413" mi="0" ci="2" mb="0" cb="0"/><line nr="426" mi="0" ci="3" mb="0" cb="0"/><line nr="427" mi="0" ci="3" mb="0" cb="0"/><line nr="428" mi="0" ci="4" mb="0" cb="0"/><line nr="429" mi="0" ci="2" mb="0" cb="0"/><line nr="442" mi="0" ci="3" mb="0" cb="0"/><line nr="443" mi="0" ci="3" mb="0" cb="0"/><line nr="444" mi="0" ci="2" mb="0" cb="0"/><line nr="457" mi="0" ci="3" mb="0" cb="0"/><line nr="458" mi="0" ci="3" mb="0" cb="0"/><line nr="461" mi="0" ci="5" mb="1" cb="1"/><line nr="462" mi="0" ci="5" mb="0" cb="0"/><line nr="464" mi="3" ci="0" mb="0" cb="0"/><line nr="465" mi="2" ci="0" mb="0" cb="0"/><line nr="468" mi="0" ci="2" mb="0" cb="0"/><line nr="481" mi="0" ci="3" mb="0" cb="0"/><line nr="482" mi="0" ci="3" mb="0" cb="0"/><line nr="483" mi="0" ci="5" mb="0" cb="0"/><line nr="484" mi="0" ci="2" mb="0" cb="0"/><line nr="498" mi="0" ci="3" mb="0" cb="0"/><line nr="499" mi="0" ci="3" mb="0" cb="0"/><line nr="500" mi="0" ci="3" mb="0" cb="0"/><line nr="501" mi="0" ci="3" mb="0" cb="0"/><line nr="502" mi="0" ci="3" mb="0" cb="0"/><line nr="503" mi="0" ci="3" mb="0" cb="0"/><line nr="504" mi="0" ci="3" mb="0" cb="0"/><line nr="506" mi="0" ci="8" mb="0" cb="0"/><line nr="508" mi="0" ci="4" mb="0" cb="0"/><line nr="509" mi="0" ci="2" mb="0" cb="0"/><line nr="522" mi="0" ci="3" mb="0" cb="0"/><line nr="523" mi="0" ci="4" mb="0" cb="0"/><line nr="524" mi="0" ci="2" mb="0" cb="0"/><line nr="537" mi="0" ci="3" mb="0" cb="0"/><line nr="538" mi="0" ci="3" mb="0" cb="0"/><line nr="539" mi="0" ci="2" mb="0" cb="0"/><line nr="552" mi="0" ci="3" mb="0" cb="0"/><line nr="553" mi="0" ci="3" mb="0" cb="0"/><line nr="555" mi="0" ci="4" mb="0" cb="0"/><line nr="556" mi="0" ci="2" mb="0" cb="0"/><line nr="570" mi="0" ci="3" mb="0" cb="0"/><line nr="571" mi="0" ci="3" mb="0" cb="0"/><line nr="572" mi="0" ci="3" mb="0" cb="0"/><line nr="574" mi="0" ci="3" mb="0" cb="0"/><line nr="575" mi="0" ci="3" mb="0" cb="0"/><line nr="576" mi="0" ci="3" mb="0" cb="0"/><line nr="577" mi="0" ci="3" mb="0" cb="0"/><line nr="579" mi="0" ci="6" mb="0" cb="0"/><line nr="580" mi="0" ci="2" mb="0" cb="0"/><line nr="594" mi="0" ci="3" mb="0" cb="0"/><line nr="595" mi="0" ci="3" mb="0" cb="0"/><line nr="596" mi="0" ci="3" mb="0" cb="0"/><line nr="597" mi="0" ci="3" mb="0" cb="0"/><line nr="599" mi="0" ci="5" mb="0" cb="0"/><line nr="602" mi="0" ci="2" mb="0" cb="2"/><line nr="603" mi="0" ci="1" mb="0" cb="0"/><line nr="604" mi="0" ci="14" mb="0" cb="0"/><line nr="606" mi="0" ci="1" mb="0" cb="0"/><line nr="607" mi="0" ci="3" mb="0" cb="0"/><line nr="610" mi="0" ci="2" mb="0" cb="0"/><line nr="624" mi="0" ci="2" mb="0" cb="0"/><line nr="626" mi="0" ci="2" mb="1" cb="1"/><line nr="627" mi="0" ci="2" mb="0" cb="0"/><line nr="628" mi="0" ci="23" mb="0" cb="0"/><line nr="635" mi="0" ci="3" mb="0" cb="0"/><line nr="636" mi="0" ci="3" mb="0" cb="0"/><line nr="637" mi="0" ci="3" mb="0" cb="0"/><line nr="639" mi="0" ci="3" mb="1" cb="1"/><line nr="640" mi="0" ci="2" mb="1" cb="5"/><line nr="642" mi="0" ci="1" mb="0" cb="0"/><line nr="643" mi="0" ci="3" mb="0" cb="0"/><line nr="644" mi="0" ci="2" mb="0" cb="0"/><line nr="645" mi="0" ci="27" mb="0" cb="0"/><line nr="653" mi="0" ci="3" mb="0" cb="0"/><line nr="654" mi="0" ci="3" mb="0" cb="0"/><line nr="655" mi="0" ci="3" mb="0" cb="0"/><line nr="657" mi="0" ci="2" mb="2" cb="5"/><line nr="660" mi="0" ci="4" mb="0" cb="0"/><line nr="661" mi="0" ci="1" mb="0" cb="0"/><line nr="665" mi="0" ci="4" mb="0" cb="0"/><line nr="666" mi="0" ci="1" mb="0" cb="0"/><line nr="670" mi="0" ci="4" mb="0" cb="0"/><line nr="671" mi="0" ci="1" mb="0" cb="0"/><line nr="674" mi="1" ci="0" mb="0" cb="0"/><line nr="675" mi="4" ci="0" mb="0" cb="0"/><line nr="676" mi="1" ci="0" mb="0" cb="0"/><line nr="679" mi="0" ci="1" mb="0" cb="0"/><line nr="680" mi="0" ci="4" mb="0" cb="0"/><line nr="681" mi="0" ci="1" mb="0" cb="0"/><line nr="684" mi="0" ci="2" mb="0" cb="0"/><line nr="688" mi="0" ci="1" mb="0" cb="0"/><line nr="691" mi="0" ci="1" mb="0" cb="0"/><line nr="692" mi="0" ci="3" mb="0" cb="0"/><line nr="693" mi="0" ci="2" mb="0" cb="0"/><line nr="694" mi="0" ci="15" mb="0" cb="0"/><line nr="699" mi="0" ci="3" mb="0" cb="0"/><line nr="700" mi="0" ci="3" mb="0" cb="0"/><line nr="701" mi="0" ci="3" mb="0" cb="0"/><line nr="703" mi="0" ci="2" mb="0" cb="4"/><line nr="705" mi="0" ci="1" mb="0" cb="0"/><line nr="706" mi="0" ci="2" mb="0" cb="0"/><line nr="707" mi="0" ci="27" mb="0" cb="0"/><line nr="715" mi="0" ci="3" mb="0" cb="0"/><line nr="716" mi="0" ci="3" mb="0" cb="0"/><line nr="717" mi="0" ci="3" mb="0" cb="0"/><line nr="719" mi="0" ci="2" mb="0" cb="6"/><line nr="721" mi="0" ci="1" mb="0" cb="0"/><line nr="722" mi="0" ci="4" mb="0" cb="0"/><line nr="723" mi="0" ci="1" mb="0" cb="0"/><line nr="726" mi="0" ci="1" mb="0" cb="0"/><line nr="727" mi="0" ci="4" mb="0" cb="0"/><line nr="728" mi="0" ci="1" mb="0" cb="0"/><line nr="731" mi="0" ci="1" mb="0" cb="0"/><line nr="732" mi="0" ci="4" mb="0" cb="0"/><line nr="733" mi="0" ci="1" mb="0" cb="0"/><line nr="736" mi="0" ci="1" mb="0" cb="0"/><line nr="737" mi="0" ci="4" mb="0" cb="0"/><line nr="738" mi="0" ci="1" mb="0" cb="0"/><line nr="741" mi="0" ci="2" mb="0" cb="0"/><line nr="742" mi="0" ci="1" mb="0" cb="0"/><line nr="748" mi="0" ci="1" mb="0" cb="0"/><line nr="751" mi="0" ci="1" mb="0" cb="0"/><line nr="752" mi="0" ci="2" mb="0" cb="0"/><line nr="753" mi="0" ci="19" mb="0" cb="0"/><line nr="759" mi="0" ci="3" mb="0" cb="0"/><line nr="760" mi="0" ci="3" mb="0" cb="0"/><line nr="761" mi="0" ci="3" mb="0" cb="0"/><line nr="763" mi="0" ci="2" mb="1" cb="3"/><line nr="765" mi="0" ci="1" mb="0" cb="0"/><line nr="766" mi="0" ci="2" mb="0" cb="0"/><line nr="767" mi="0" ci="19" mb="0" cb="0"/><line nr="773" mi="0" ci="3" mb="0" cb="0"/><line nr="774" mi="0" ci="3" mb="0" cb="0"/><line nr="775" mi="0" ci="3" mb="0" cb="0"/><line nr="777" mi="0" ci="2" mb="0" cb="4"/><line nr="779" mi="0" ci="1" mb="0" cb="0"/><line nr="780" mi="0" ci="4" mb="0" cb="0"/><line nr="781" mi="0" ci="1" mb="0" cb="0"/><line nr="784" mi="0" ci="1" mb="0" cb="0"/><line nr="785" mi="0" ci="4" mb="0" cb="0"/><line nr="786" mi="0" ci="1" mb="0" cb="0"/><line nr="789" mi="0" ci="2" mb="0" cb="0"/><line nr="790" mi="0" ci="1" mb="0" cb="0"/><line nr="796" mi="0" ci="1" mb="0" cb="0"/><line nr="799" mi="0" ci="2" mb="0" cb="0"/><line nr="800" mi="0" ci="27" mb="0" cb="0"/><line nr="808" mi="0" ci="3" mb="0" cb="0"/><line nr="809" mi="0" ci="3" mb="0" cb="0"/><line nr="810" mi="0" ci="3" mb="0" cb="0"/><line nr="812" mi="0" ci="2" mb="1" cb="6"/><line nr="814" mi="0" ci="1" mb="0" cb="0"/><line nr="815" mi="0" ci="4" mb="0" cb="0"/><line nr="816" mi="0" ci="1" mb="0" cb="0"/><line nr="819" mi="0" ci="1" mb="0" cb="0"/><line nr="820" mi="0" ci="4" mb="0" cb="0"/><line nr="821" mi="0" ci="1" mb="0" cb="0"/><line nr="824" mi="0" ci="1" mb="0" cb="0"/><line nr="825" mi="0" ci="4" mb="0" cb="0"/><line nr="826" mi="0" ci="1" mb="0" cb="0"/><line nr="829" mi="0" ci="1" mb="0" cb="0"/><line nr="830" mi="0" ci="4" mb="0" cb="0"/><line nr="831" mi="0" ci="1" mb="0" cb="0"/><line nr="834" mi="0" ci="2" mb="0" cb="0"/><line nr="835" mi="0" ci="1" mb="0" cb="0"/><line nr="838" mi="0" ci="2" mb="0" cb="0"/><line nr="842" mi="0" ci="1" mb="0" cb="0"/><line nr="845" mi="0" ci="2" mb="0" cb="0"/><line nr="849" mi="0" ci="1" mb="0" cb="0"/><line nr="852" mi="0" ci="2" mb="0" cb="0"/><line nr="856" mi="0" ci="1" mb="0" cb="0"/><line nr="859" mi="0" ci="1" mb="0" cb="0"/><line nr="860" mi="0" ci="3" mb="0" cb="0"/><line nr="861" mi="0" ci="2" mb="0" cb="0"/><line nr="862" mi="0" ci="31" mb="0" cb="0"/><line nr="871" mi="0" ci="3" mb="0" cb="0"/><line nr="872" mi="0" ci="3" mb="0" cb="0"/><line nr="873" mi="0" ci="3" mb="0" cb="0"/><line nr="875" mi="0" ci="2" mb="0" cb="7"/><line nr="877" mi="0" ci="1" mb="0" cb="0"/><line nr="878" mi="0" ci="4" mb="0" cb="0"/><line nr="879" mi="0" ci="1" mb="0" cb="0"/><line nr="882" mi="0" ci="1" mb="0" cb="0"/><line nr="883" mi="0" ci="4" mb="0" cb="0"/><line nr="884" mi="0" ci="1" mb="0" cb="0"/><line nr="887" mi="0" ci="1" mb="0" cb="0"/><line nr="888" mi="0" ci="4" mb="0" cb="0"/><line nr="889" mi="0" ci="1" mb="0" cb="0"/><line nr="892" mi="0" ci="1" mb="0" cb="0"/><line nr="893" mi="0" ci="4" mb="0" cb="0"/><line nr="894" mi="0" ci="1" mb="0" cb="0"/><line nr="897" mi="0" ci="1" mb="0" cb="0"/><line nr="898" mi="0" ci="4" mb="0" cb="0"/><line nr="899" mi="0" ci="1" mb="0" cb="0"/><line nr="902" mi="0" ci="2" mb="0" cb="0"/><line nr="903" mi="0" ci="1" mb="0" cb="0"/><line nr="909" mi="0" ci="1" mb="0" cb="0"/><line nr="912" mi="0" ci="1" mb="0" cb="0"/><line nr="913" mi="0" ci="2" mb="0" cb="0"/><line nr="914" mi="0" ci="11" mb="0" cb="0"/><line nr="918" mi="0" ci="3" mb="0" cb="0"/><line nr="919" mi="0" ci="3" mb="0" cb="0"/><line nr="920" mi="0" ci="3" mb="0" cb="0"/><line nr="922" mi="0" ci="2" mb="1" cb="2"/><line nr="924" mi="0" ci="1" mb="0" cb="0"/><line nr="925" mi="0" ci="4" mb="0" cb="0"/><line nr="926" mi="0" ci="1" mb="0" cb="0"/><line nr="929" mi="0" ci="2" mb="0" cb="0"/><line nr="933" mi="0" ci="1" mb="0" cb="0"/><line nr="936" mi="0" ci="3" mb="0" cb="0"/><line nr="939" mi="1" ci="0" mb="0" cb="0"/><line nr="941" mi="2" ci="0" mb="0" cb="0"/><line nr="942" mi="2" ci="0" mb="0" cb="0"/><line nr="952" mi="0" ci="2" mb="0" cb="0"/><line nr="962" mi="0" ci="2" mb="0" cb="0"/><line nr="963" mi="0" ci="1" mb="0" cb="0"/><line nr="972" mi="0" ci="2" mb="0" cb="0"/><line nr="982" mi="0" ci="2" mb="0" cb="0"/><line nr="983" mi="0" ci="1" mb="0" cb="0"/><counter type="INSTRUCTION" missed="54" covered="1187"/><counter type="BRANCH" missed="12" covered="60"/><counter type="LINE" missed="15" covered="330"/><counter type="COMPLEXITY" missed="14" covered="72"/><counter type="METHOD" missed="2" covered="32"/><counter type="CLASS" missed="0" covered="1"/></sourcefile><sourcefile name="Event.java"><line nr="34" mi="0" ci="2" mb="0" cb="0"/><line nr="35" mi="0" ci="3" mb="0" cb="0"/><line nr="36" mi="0" ci="3" mb="0" cb="0"/><line nr="37" mi="0" ci="3" mb="0" cb="0"/><line nr="38" mi="0" ci="3" mb="0" cb="0"/><line nr="39" mi="0" ci="1" mb="0" cb="0"/><line nr="48" mi="0" ci="3" mb="0" cb="0"/><line nr="58" mi="0" ci="3" mb="0" cb="0"/><line nr="59" mi="0" ci="1" mb="0" cb="0"/><line nr="68" mi="0" ci="3" mb="0" cb="0"/><line nr="78" mi="0" ci="3" mb="0" cb="0"/><line nr="79" mi="0" ci="1" mb="0" cb="0"/><line nr="88" mi="0" ci="3" mb="0" cb="0"/><line nr="98" mi="0" ci="3" mb="0" cb="0"/><line nr="99" mi="0" ci="1" mb="0" cb="0"/><line nr="108" mi="0" ci="3" mb="0" cb="0"/><line nr="118" mi="0" ci="3" mb="0" cb="0"/><line nr="119" mi="0" ci="1" mb="0" cb="0"/><line nr="129" mi="0" ci="29" mb="0" cb="0"/><counter type="INSTRUCTION" missed="0" covered="72"/><counter type="LINE" missed="0" covered="19"/><counter type="COMPLEXITY" missed="0" covered="10"/><counter type="METHOD" missed="0" covered="10"/><counter type="CLASS" missed="0" covered="1"/></sourcefile><sourcefile name="BookManager.java"><line nr="20" mi="0" ci="5" mb="0" cb="0"/><line nr="22" mi="0" ci="5" mb="0" cb="0"/><line nr="23" mi="0" ci="7" mb="0" cb="0"/><line nr="29" mi="0" ci="2" mb="0" cb="0"/><line nr="30" mi="0" ci="5" mb="0" cb="0"/><line nr="31" mi="0" ci="1" mb="0" cb="0"/><line nr="41" mi="0" ci="5" mb="0" cb="2"/><line nr="42" mi="0" ci="2" mb="0" cb="0"/><line nr="45" mi="0" ci="5" mb="0" cb="0"/><line nr="46" mi="0" ci="6" mb="0" cb="0"/><line nr="47" mi="0" ci="4" mb="0" cb="0"/><line nr="48" mi="0" ci="3" mb="0" cb="0"/><line nr="58" mi="0" ci="5" mb="0" cb="0"/><line nr="60" mi="0" ci="4" mb="0" cb="2"/><line nr="61" mi="0" ci="3" mb="0" cb="0"/><line nr="62" mi="0" ci="2" mb="0" cb="0"/><line nr="65" mi="0" ci="3" mb="0" cb="0"/><line nr="67" mi="0" ci="11" mb="0" cb="2"/><line nr="68" mi="0" ci="11" mb="0" cb="0"/><line nr="69" mi="0" ci="11" mb="0" cb="0"/><line nr="70" mi="0" ci="11" mb="0" cb="0"/><line nr="71" mi="0" ci="11" mb="0" cb="0"/><line nr="72" mi="0" ci="11" mb="0" cb="0"/><line nr="73" mi="0" ci="3" mb="0" cb="0"/><line nr="74" mi="0" ci="1" mb="0" cb="0"/><line nr="76" mi="0" ci="4" mb="0" cb="0"/><line nr="87" mi="0" ci="5" mb="0" cb="0"/><line nr="89" mi="0" ci="4" mb="0" cb="2"/><line nr="90" mi="0" ci="3" mb="0" cb="0"/><line nr="91" mi="0" ci="2" mb="0" cb="0"/><line nr="94" mi="0" ci="12" mb="0" cb="0"/><line nr="96" mi="0" ci="11" mb="0" cb="2"/><line nr="97" mi="0" ci="5" mb="1" cb="1"/><line nr="98" mi="0" ci="11" mb="0" cb="0"/><line nr="99" mi="0" ci="11" mb="0" cb="0"/><line nr="100" mi="0" ci="11" mb="0" cb="0"/><line nr="101" mi="0" ci="11" mb="0" cb="0"/><line nr="102" mi="0" ci="11" mb="0" cb="0"/><line nr="103" mi="0" ci="3" mb="0" cb="0"/><line nr="105" mi="0" ci="1" mb="0" cb="0"/><line nr="107" mi="0" ci="4" mb="0" cb="0"/><line nr="118" mi="0" ci="2" mb="0" cb="0"/><line nr="120" mi="0" ci="11" mb="0" cb="2"/><line nr="121" mi="0" ci="4" mb="0" cb="2"/><line nr="122" mi="0" ci="5" mb="0" cb="0"/><line nr="123" mi="0" ci="6" mb="0" cb="0"/><line nr="124" mi="0" ci="3" mb="0" cb="0"/><line nr="125" mi="0" ci="2" mb="0" cb="0"/><line nr="126" mi="0" ci="2" mb="0" cb="0"/><line nr="128" mi="0" ci="1" mb="0" cb="0"/><line nr="130" mi="0" ci="2" mb="1" cb="1"/><line nr="131" mi="0" ci="3" mb="0" cb="0"/><line nr="132" mi="0" ci="2" mb="0" cb="0"/><line nr="135" mi="2" ci="0" mb="0" cb="0"/><line nr="149" mi="0" ci="2" mb="0" cb="0"/><line nr="151" mi="0" ci="11" mb="0" cb="2"/><line nr="152" mi="0" ci="4" mb="1" cb="1"/><line nr="153" mi="0" ci="3" mb="0" cb="0"/><line nr="154" mi="0" ci="3" mb="0" cb="0"/><line nr="155" mi="0" ci="3" mb="0" cb="0"/><line nr="156" mi="0" ci="6" mb="0" cb="0"/><line nr="157" mi="0" ci="3" mb="0" cb="0"/><line nr="158" mi="0" ci="2" mb="0" cb="0"/><line nr="159" mi="0" ci="2" mb="0" cb="0"/><line nr="161" mi="1" ci="0" mb="0" cb="0"/><line nr="163" mi="0" ci="2" mb="1" cb="1"/><line nr="164" mi="0" ci="3" mb="0" cb="0"/><line nr="165" mi="0" ci="2" mb="0" cb="0"/><line nr="168" mi="2" ci="0" mb="0" cb="0"/><line nr="178" mi="0" ci="11" mb="0" cb="2"/><line nr="179" mi="0" ci="5" mb="0" cb="2"/><line nr="180" mi="0" ci="2" mb="0" cb="0"/><line nr="182" mi="0" ci="1" mb="0" cb="0"/><line nr="184" mi="0" ci="2" mb="0" cb="0"/><line nr="194" mi="0" ci="11" mb="0" cb="2"/><line nr="195" mi="0" ci="4" mb="0" cb="2"/><line nr="196" mi="0" ci="2" mb="0" cb="0"/><line nr="198" mi="0" ci="1" mb="0" cb="0"/><line nr="200" mi="0" ci="2" mb="0" cb="0"/><line nr="210" mi="0" ci="11" mb="0" cb="2"/><line nr="211" mi="0" ci="4" mb="0" cb="2"/><line nr="212" mi="0" ci="3" mb="0" cb="0"/><line nr="214" mi="0" ci="1" mb="0" cb="0"/><line nr="216" mi="0" ci="2" mb="0" cb="0"/><line nr="227" mi="0" ci="11" mb="1" cb="1"/><line nr="228" mi="0" ci="4" mb="0" cb="2"/><line nr="229" mi="0" ci="3" mb="0" cb="0"/><line nr="231" mi="0" ci="1" mb="0" cb="0"/><line nr="233" mi="2" ci="0" mb="0" cb="0"/><line nr="244" mi="0" ci="11" mb="1" cb="1"/><line nr="245" mi="0" ci="4" mb="1" cb="1"/><line nr="246" mi="0" ci="3" mb="0" cb="0"/><line nr="248" mi="1" ci="0" mb="0" cb="0"/><line nr="250" mi="2" ci="0" mb="0" cb="0"/><line nr="261" mi="0" ci="4" mb="0" cb="0"/><line nr="262" mi="0" ci="5" mb="0" cb="0"/><line nr="264" mi="0" ci="3" mb="0" cb="2"/><line nr="266" mi="0" ci="3" mb="1" cb="1"/><line nr="267" mi="0" ci="11" mb="0" cb="0"/><line nr="269" mi="10" ci="0" mb="0" cb="0"/><line nr="271" mi="1" ci="0" mb="0" cb="0"/><line nr="272" mi="11" ci="0" mb="0" cb="0"/><line nr="273" mi="1" ci="1" mb="0" cb="0"/><line nr="275" mi="0" ci="5" mb="0" cb="0"/><line nr="276" mi="0" ci="5" mb="0" cb="0"/><line nr="277" mi="0" ci="4" mb="0" cb="0"/><line nr="278" mi="1" ci="0" mb="0" cb="0"/><line nr="279" mi="11" ci="0" mb="0" cb="0"/><line nr="280" mi="0" ci="1" mb="0" cb="0"/><line nr="283" mi="0" ci="2" mb="0" cb="0"/><line nr="295" mi="0" ci="5" mb="0" cb="0"/><line nr="296" mi="0" ci="5" mb="0" cb="0"/><line nr="297" mi="0" ci="3" mb="0" cb="0"/><line nr="298" mi="0" ci="4" mb="0" cb="0"/><line nr="299" mi="1" ci="0" mb="0" cb="0"/><line nr="300" mi="11" ci="0" mb="0" cb="0"/><line nr="301" mi="2" ci="0" mb="0" cb="0"/><counter type="INSTRUCTION" missed="59" covered="495"/><counter type="BRANCH" missed="8" covered="40"/><counter type="LINE" missed="14" covered="103"/><counter type="COMPLEXITY" missed="8" covered="30"/><counter type="METHOD" missed="0" covered="14"/><counter type="CLASS" missed="0" covered="1"/></sourcefile><sourcefile name="Wish.java"><line nr="36" mi="0" ci="2" mb="0" cb="0"/><line nr="37" mi="0" ci="3" mb="0" cb="0"/><line nr="38" mi="0" ci="3" mb="0" cb="0"/><line nr="39" mi="0" ci="3" mb="0" cb="0"/><line nr="40" mi="0" ci="3" mb="0" cb="0"/><line nr="41" mi="0" ci="3" mb="0" cb="0"/><line nr="42" mi="0" ci="1" mb="0" cb="0"/><line nr="51" mi="0" ci="3" mb="0" cb="0"/><line nr="61" mi="0" ci="3" mb="0" cb="0"/><line nr="62" mi="0" ci="1" mb="0" cb="0"/><line nr="71" mi="0" ci="3" mb="0" cb="0"/><line nr="81" mi="0" ci="3" mb="0" cb="0"/><line nr="82" mi="0" ci="1" mb="0" cb="0"/><line nr="91" mi="0" ci="3" mb="0" cb="0"/><line nr="101" mi="0" ci="3" mb="0" cb="0"/><line nr="102" mi="0" ci="1" mb="0" cb="0"/><line nr="111" mi="0" ci="3" mb="0" cb="0"/><line nr="121" mi="0" ci="3" mb="0" cb="0"/><line nr="122" mi="0" ci="1" mb="0" cb="0"/><line nr="131" mi="0" ci="3" mb="0" cb="0"/><line nr="141" mi="0" ci="3" mb="0" cb="0"/><line nr="142" mi="0" ci="1" mb="0" cb="0"/><line nr="152" mi="36" ci="0" mb="0" cb="0"/><counter type="INSTRUCTION" missed="36" covered="53"/><counter type="LINE" missed="1" covered="22"/><counter type="COMPLEXITY" missed="1" covered="11"/><counter type="METHOD" missed="1" covered="11"/><counter type="CLASS" missed="0" covered="1"/></sourcefile><sourcefile name="UserManager.java"><line nr="28" mi="0" ci="2" mb="0" cb="0"/><line nr="29" mi="0" ci="4" mb="0" cb="0"/><line nr="30" mi="0" ci="1" mb="0" cb="0"/><line nr="40" mi="0" ci="5" mb="0" cb="2"/><line nr="41" mi="0" ci="3" mb="0" cb="0"/><line nr="42" mi="0" ci="2" mb="0" cb="0"/><line nr="45" mi="0" ci="5" mb="0" cb="0"/><line nr="46" mi="0" ci="5" mb="0" cb="0"/><line nr="47" mi="0" ci="3" mb="0" cb="0"/><line nr="48" mi="0" ci="3" mb="0" cb="0"/><line nr="59" mi="0" ci="11" mb="0" cb="2"/><line nr="60" mi="0" ci="5" mb="0" cb="2"/><line nr="61" mi="0" ci="2" mb="0" cb="0"/><line nr="63" mi="0" ci="1" mb="0" cb="0"/><line nr="65" mi="0" ci="2" mb="0" cb="0"/><line nr="75" mi="0" ci="5" mb="0" cb="0"/><line nr="77" mi="0" ci="3" mb="0" cb="2"/><line nr="79" mi="0" ci="3" mb="1" cb="1"/><line nr="80" mi="0" ci="4" mb="0" cb="0"/><line nr="82" mi="3" ci="0" mb="0" cb="0"/><line nr="84" mi="1" ci="0" mb="0" cb="0"/><line nr="85" mi="11" ci="0" mb="0" cb="0"/><line nr="86" mi="0" ci="1" mb="0" cb="0"/><line nr="88" mi="0" ci="4" mb="0" cb="0"/><line nr="91" mi="0" ci="5" mb="0" cb="0"/><line nr="92" mi="5" ci="0" mb="0" cb="0"/><line nr="93" mi="6" ci="0" mb="0" cb="0"/><line nr="94" mi="0" ci="1" mb="0" cb="0"/><line nr="95" mi="0" ci="4" mb="0" cb="0"/><line nr="107" mi="0" ci="5" mb="0" cb="0"/><line nr="108" mi="0" ci="5" mb="0" cb="0"/><line nr="109" mi="0" ci="3" mb="0" cb="0"/><line nr="110" mi="0" ci="4" mb="0" cb="0"/><line nr="111" mi="1" ci="0" mb="0" cb="0"/><line nr="112" mi="11" ci="0" mb="0" cb="0"/><line nr="113" mi="2" ci="0" mb="0" cb="0"/><line nr="126" mi="0" ci="11" mb="0" cb="2"/><line nr="127" mi="0" ci="10" mb="0" cb="4"/><line nr="128" mi="0" ci="2" mb="0" cb="0"/><line nr="130" mi="0" ci="1" mb="0" cb="0"/><line nr="132" mi="0" ci="2" mb="0" cb="0"/><line nr="144" mi="0" ci="2" mb="0" cb="0"/><line nr="146" mi="0" ci="11" mb="0" cb="2"/><line nr="147" mi="0" ci="5" mb="0" cb="2"/><line nr="148" mi="0" ci="2" mb="0" cb="0"/><line nr="149" mi="0" ci="1" mb="0" cb="0"/><line nr="151" mi="0" ci="1" mb="0" cb="0"/><line nr="153" mi="0" ci="2" mb="0" cb="2"/><line nr="154" mi="0" ci="3" mb="0" cb="0"/><line nr="155" mi="0" ci="2" mb="0" cb="0"/><line nr="158" mi="0" ci="3" mb="0" cb="0"/><line nr="159" mi="0" ci="4" mb="0" cb="0"/><line nr="160" mi="0" ci="3" mb="0" cb="0"/><line nr="161" mi="0" ci="5" mb="0" cb="0"/><line nr="162" mi="0" ci="2" mb="0" cb="0"/><line nr="174" mi="0" ci="2" mb="0" cb="0"/><line nr="176" mi="0" ci="11" mb="0" cb="2"/><line nr="177" mi="0" ci="5" mb="0" cb="2"/><line nr="178" mi="0" ci="2" mb="0" cb="0"/><line nr="179" mi="0" ci="1" mb="0" cb="0"/><line nr="181" mi="0" ci="1" mb="0" cb="0"/><line nr="183" mi="0" ci="2" mb="0" cb="2"/><line nr="184" mi="0" ci="3" mb="0" cb="0"/><line nr="185" mi="0" ci="2" mb="0" cb="0"/><line nr="188" mi="0" ci="3" mb="0" cb="0"/><line nr="189" mi="0" ci="4" mb="0" cb="0"/><line nr="190" mi="0" ci="3" mb="0" cb="0"/><line nr="191" mi="0" ci="5" mb="0" cb="0"/><line nr="192" mi="0" ci="2" mb="0" cb="0"/><line nr="203" mi="0" ci="11" mb="0" cb="2"/><line nr="204" mi="0" ci="5" mb="0" cb="2"/><line nr="205" mi="0" ci="3" mb="0" cb="0"/><line nr="207" mi="0" ci="1" mb="0" cb="0"/><line nr="209" mi="0" ci="2" mb="0" cb="0"/><counter type="INSTRUCTION" missed="40" covered="241"/><counter type="BRANCH" missed="1" covered="31"/><counter type="LINE" missed="8" covered="66"/><counter type="COMPLEXITY" missed="1" covered="24"/><counter type="METHOD" missed="0" covered="9"/><counter type="CLASS" missed="0" covered="1"/></sourcefile><sourcefile name="WishManager.java"><line nr="25" mi="0" ci="5" mb="0" cb="0"/><line nr="26" mi="0" ci="5" mb="0" cb="0"/><line nr="27" mi="0" ci="7" mb="0" cb="0"/><line nr="47" mi="0" ci="2" mb="0" cb="0"/><line nr="48" mi="0" ci="5" mb="0" cb="0"/><line nr="49" mi="0" ci="1" mb="0" cb="0"/><line nr="59" mi="0" ci="5" mb="0" cb="2"/><line nr="60" mi="0" ci="3" mb="0" cb="0"/><line nr="61" mi="0" ci="2" mb="0" cb="0"/><line nr="64" mi="0" ci="5" mb="0" cb="0"/><line nr="65" mi="0" ci="5" mb="0" cb="0"/><line nr="66" mi="0" ci="6" mb="0" cb="0"/><line nr="67" mi="0" ci="3" mb="0" cb="0"/><line nr="68" mi="0" ci="2" mb="0" cb="0"/><line nr="78" mi="0" ci="5" mb="0" cb="0"/><line nr="80" mi="0" ci="4" mb="0" cb="2"/><line nr="81" mi="0" ci="3" mb="0" cb="0"/><line nr="82" mi="0" ci="2" mb="0" cb="0"/><line nr="85" mi="0" ci="3" mb="0" cb="0"/><line nr="87" mi="0" ci="11" mb="0" cb="2"/><line nr="88" mi="0" ci="11" mb="0" cb="0"/><line nr="89" mi="0" ci="11" mb="0" cb="0"/><line nr="90" mi="0" ci="11" mb="0" cb="0"/><line nr="91" mi="0" ci="11" mb="0" cb="0"/><line nr="92" mi="0" ci="11" mb="0" cb="0"/><line nr="93" mi="0" ci="3" mb="0" cb="0"/><line nr="94" mi="0" ci="1" mb="0" cb="0"/><line nr="96" mi="0" ci="4" mb="0" cb="0"/><line nr="107" mi="0" ci="5" mb="0" cb="0"/><line nr="109" mi="0" ci="4" mb="0" cb="2"/><line nr="110" mi="0" ci="3" mb="0" cb="0"/><line nr="111" mi="0" ci="2" mb="0" cb="0"/><line nr="114" mi="0" ci="12" mb="0" cb="0"/><line nr="116" mi="0" ci="11" mb="0" cb="2"/><line nr="117" mi="0" ci="5" mb="1" cb="1"/><line nr="118" mi="0" ci="11" mb="0" cb="0"/><line nr="119" mi="0" ci="11" mb="0" cb="0"/><line nr="120" mi="0" ci="11" mb="0" cb="0"/><line nr="121" mi="0" ci="11" mb="0" cb="0"/><line nr="122" mi="0" ci="11" mb="0" cb="0"/><line nr="123" mi="0" ci="3" mb="0" cb="0"/><line nr="125" mi="0" ci="1" mb="0" cb="0"/><line nr="127" mi="0" ci="4" mb="0" cb="0"/><line nr="138" mi="0" ci="2" mb="0" cb="0"/><line nr="140" mi="0" ci="11" mb="0" cb="2"/><line nr="141" mi="0" ci="4" mb="0" cb="2"/><line nr="142" mi="0" ci="5" mb="0" cb="0"/><line nr="143" mi="0" ci="6" mb="0" cb="0"/><line nr="144" mi="0" ci="3" mb="0" cb="0"/><line nr="145" mi="0" ci="2" mb="0" cb="0"/><line nr="146" mi="0" ci="2" mb="0" cb="0"/><line nr="148" mi="0" ci="1" mb="0" cb="0"/><line nr="150" mi="0" ci="2" mb="1" cb="1"/><line nr="151" mi="0" ci="3" mb="0" cb="0"/><line nr="152" mi="0" ci="2" mb="0" cb="0"/><line nr="155" mi="2" ci="0" mb="0" cb="0"/><line nr="166" mi="0" ci="11" mb="0" cb="2"/><line nr="167" mi="0" ci="5" mb="1" cb="1"/><line nr="168" mi="0" ci="2" mb="0" cb="0"/><line nr="170" mi="1" ci="0" mb="0" cb="0"/><line nr="172" mi="0" ci="2" mb="0" cb="0"/><line nr="183" mi="0" ci="4" mb="0" cb="0"/><line nr="184" mi="0" ci="5" mb="0" cb="0"/><line nr="186" mi="0" ci="3" mb="0" cb="2"/><line nr="188" mi="0" ci="3" mb="1" cb="1"/><line nr="189" mi="0" ci="11" mb="0" cb="0"/><line nr="191" mi="10" ci="0" mb="0" cb="0"/><line nr="193" mi="1" ci="0" mb="0" cb="0"/><line nr="194" mi="11" ci="0" mb="0" cb="0"/><line nr="195" mi="1" ci="1" mb="0" cb="0"/><line nr="197" mi="0" ci="5" mb="0" cb="0"/><line nr="198" mi="0" ci="5" mb="0" cb="0"/><line nr="199" mi="0" ci="4" mb="0" cb="0"/><line nr="200" mi="1" ci="0" mb="0" cb="0"/><line nr="201" mi="11" ci="0" mb="0" cb="0"/><line nr="202" mi="0" ci="1" mb="0" cb="0"/><line nr="205" mi="0" ci="2" mb="0" cb="0"/><line nr="217" mi="0" ci="5" mb="0" cb="0"/><line nr="218" mi="0" ci="5" mb="0" cb="0"/><line nr="219" mi="0" ci="3" mb="0" cb="0"/><line nr="220" mi="0" ci="4" mb="0" cb="0"/><line nr="221" mi="1" ci="0" mb="0" cb="0"/><line nr="222" mi="11" ci="0" mb="0" cb="0"/><line nr="223" mi="2" ci="0" mb="0" cb="0"/><counter type="INSTRUCTION" missed="52" covered="376"/><counter type="BRANCH" missed="4" covered="22"/><counter type="LINE" missed="10" covered="74"/><counter type="COMPLEXITY" missed="4" covered="18"/><counter type="METHOD" missed="0" covered="9"/><counter type="CLASS" missed="0" covered="1"/></sourcefile><sourcefile name="Trade.java"><line nr="36" mi="0" ci="2" mb="0" cb="0"/><line nr="37" mi="0" ci="3" mb="0" cb="0"/><line nr="38" mi="0" ci="3" mb="0" cb="0"/><line nr="39" mi="0" ci="3" mb="0" cb="0"/><line nr="40" mi="0" ci="3" mb="0" cb="0"/><line nr="41" mi="0" ci="3" mb="0" cb="0"/><line nr="42" mi="0" ci="1" mb="0" cb="0"/><line nr="51" mi="0" ci="3" mb="0" cb="0"/><line nr="61" mi="0" ci="3" mb="0" cb="0"/><line nr="62" mi="0" ci="1" mb="0" cb="0"/><line nr="71" mi="0" ci="3" mb="0" cb="0"/><line nr="81" mi="0" ci="3" mb="0" cb="0"/><line nr="82" mi="0" ci="1" mb="0" cb="0"/><line nr="91" mi="0" ci="3" mb="0" cb="0"/><line nr="101" mi="0" ci="3" mb="0" cb="0"/><line nr="102" mi="0" ci="1" mb="0" cb="0"/><line nr="111" mi="0" ci="3" mb="0" cb="0"/><line nr="121" mi="0" ci="3" mb="0" cb="0"/><line nr="122" mi="0" ci="1" mb="0" cb="0"/><line nr="131" mi="0" ci="3" mb="0" cb="0"/><line nr="141" mi="0" ci="3" mb="0" cb="0"/><line nr="142" mi="0" ci="1" mb="0" cb="0"/><line nr="152" mi="36" ci="0" mb="0" cb="0"/><counter type="INSTRUCTION" missed="36" covered="53"/><counter type="LINE" missed="1" covered="22"/><counter type="COMPLEXITY" missed="1" covered="11"/><counter type="METHOD" missed="1" covered="11"/><counter type="CLASS" missed="0" covered="1"/></sourcefile><sourcefile name="EventManager.java"><line nr="29" mi="0" ci="2" mb="0" cb="0"/><line nr="30" mi="0" ci="4" mb="0" cb="0"/><line nr="31" mi="0" ci="1" mb="0" cb="0"/><line nr="40" mi="0" ci="5" mb="0" cb="2"/><line nr="41" mi="0" ci="3" mb="0" cb="0"/><line nr="42" mi="0" ci="2" mb="0" cb="0"/><line nr="45" mi="0" ci="5" mb="0" cb="0"/><line nr="46" mi="0" ci="5" mb="0" cb="0"/><line nr="47" mi="0" ci="3" mb="0" cb="0"/><line nr="48" mi="0" ci="3" mb="0" cb="0"/><line nr="58" mi="0" ci="4" mb="0" cb="0"/><line nr="60" mi="0" ci="4" mb="0" cb="2"/><line nr="61" mi="0" ci="3" mb="0" cb="0"/><line nr="62" mi="0" ci="2" mb="0" cb="0"/><line nr="65" mi="0" ci="3" mb="0" cb="0"/><line nr="67" mi="0" ci="11" mb="0" cb="2"/><line nr="68" mi="0" ci="11" mb="0" cb="0"/><line nr="69" mi="0" ci="11" mb="0" cb="0"/><line nr="70" mi="0" ci="11" mb="0" cb="0"/><line nr="71" mi="0" ci="3" mb="0" cb="0"/><line nr="72" mi="0" ci="1" mb="0" cb="0"/><line nr="74" mi="0" ci="4" mb="0" cb="0"/><line nr="85" mi="0" ci="4" mb="0" cb="0"/><line nr="87" mi="0" ci="4" mb="0" cb="2"/><line nr="88" mi="0" ci="3" mb="0" cb="0"/><line nr="89" mi="0" ci="2" mb="0" cb="0"/><line nr="92" mi="0" ci="12" mb="0" cb="0"/><line nr="94" mi="0" ci="11" mb="0" cb="2"/><line nr="95" mi="0" ci="5" mb="0" cb="2"/><line nr="96" mi="0" ci="11" mb="0" cb="0"/><line nr="97" mi="0" ci="11" mb="0" cb="0"/><line nr="98" mi="0" ci="11" mb="0" cb="0"/><line nr="99" mi="0" ci="11" mb="0" cb="0"/><line nr="100" mi="0" ci="3" mb="0" cb="0"/><line nr="102" mi="0" ci="1" mb="0" cb="0"/><line nr="104" mi="0" ci="4" mb="0" cb="0"/><line nr="115" mi="0" ci="2" mb="0" cb="0"/><line nr="117" mi="0" ci="11" mb="0" cb="2"/><line nr="118" mi="0" ci="4" mb="1" cb="1"/><line nr="119" mi="0" ci="5" mb="0" cb="0"/><line nr="120" mi="0" ci="5" mb="0" cb="0"/><line nr="121" mi="0" ci="3" mb="0" cb="0"/><line nr="122" mi="0" ci="2" mb="0" cb="0"/><line nr="123" mi="0" ci="2" mb="0" cb="0"/><line nr="125" mi="1" ci="0" mb="0" cb="0"/><line nr="127" mi="0" ci="2" mb="1" cb="1"/><line nr="128" mi="0" ci="3" mb="0" cb="0"/><line nr="129" mi="0" ci="2" mb="0" cb="0"/><line nr="132" mi="2" ci="0" mb="0" cb="0"/><line nr="145" mi="0" ci="2" mb="0" cb="0"/><line nr="147" mi="0" ci="11" mb="0" cb="2"/><line nr="148" mi="0" ci="4" mb="1" cb="1"/><line nr="149" mi="0" ci="3" mb="0" cb="0"/><line nr="150" mi="0" ci="3" mb="0" cb="0"/><line nr="151" mi="0" ci="5" mb="0" cb="0"/><line nr="152" mi="0" ci="3" mb="0" cb="0"/><line nr="153" mi="0" ci="2" mb="0" cb="0"/><line nr="154" mi="0" ci="2" mb="0" cb="0"/><line nr="156" mi="1" ci="0" mb="0" cb="0"/><line nr="158" mi="0" ci="2" mb="1" cb="1"/><line nr="159" mi="0" ci="3" mb="0" cb="0"/><line nr="160" mi="0" ci="2" mb="0" cb="0"/><line nr="163" mi="2" ci="0" mb="0" cb="0"/><line nr="174" mi="0" ci="11" mb="0" cb="2"/><line nr="175" mi="0" ci="5" mb="0" cb="2"/><line nr="176" mi="0" ci="2" mb="0" cb="0"/><line nr="178" mi="0" ci="1" mb="0" cb="0"/><line nr="180" mi="0" ci="2" mb="0" cb="0"/><line nr="191" mi="0" ci="11" mb="0" cb="2"/><line nr="192" mi="0" ci="4" mb="0" cb="2"/><line nr="193" mi="0" ci="2" mb="0" cb="0"/><line nr="195" mi="0" ci="1" mb="0" cb="0"/><line nr="197" mi="0" ci="2" mb="0" cb="0"/><line nr="208" mi="0" ci="11" mb="0" cb="2"/><line nr="209" mi="0" ci="4" mb="1" cb="1"/><line nr="210" mi="3" ci="0" mb="0" cb="0"/><line nr="212" mi="0" ci="1" mb="0" cb="0"/><line nr="214" mi="0" ci="2" mb="0" cb="0"/><line nr="224" mi="0" ci="5" mb="0" cb="0"/><line nr="226" mi="0" ci="3" mb="0" cb="2"/><line nr="228" mi="0" ci="3" mb="1" cb="1"/><line nr="229" mi="0" ci="3" mb="0" cb="0"/><line nr="231" mi="1" ci="1" mb="0" cb="0"/><line nr="233" mi="0" ci="4" mb="0" cb="0"/><line nr="236" mi="0" ci="5" mb="0" cb="0"/><line nr="237" mi="0" ci="5" mb="0" cb="0"/><line nr="238" mi="0" ci="6" mb="0" cb="0"/><line nr="239" mi="0" ci="1" mb="0" cb="0"/><line nr="240" mi="0" ci="4" mb="0" cb="0"/><line nr="252" mi="0" ci="5" mb="0" cb="0"/><line nr="253" mi="0" ci="5" mb="0" cb="0"/><line nr="254" mi="0" ci="3" mb="0" cb="0"/><line nr="255" mi="0" ci="4" mb="0" cb="0"/><line nr="256" mi="1" ci="0" mb="0" cb="0"/><line nr="257" mi="2" ci="0" mb="0" cb="0"/><counter type="INSTRUCTION" missed="13" covered="393"/><counter type="BRANCH" missed="6" covered="34"/><counter type="LINE" missed="7" covered="88"/><counter type="COMPLEXITY" missed="6" covered="25"/><counter type="METHOD" missed="0" covered="11"/><counter type="CLASS" missed="0" covered="1"/></sourcefile><sourcefile name="Book.java"><line nr="37" mi="0" ci="2" mb="0" cb="0"/><line nr="38" mi="0" ci="3" mb="0" cb="0"/><line nr="39" mi="0" ci="3" mb="0" cb="0"/><line nr="40" mi="0" ci="3" mb="0" cb="0"/><line nr="41" mi="0" ci="3" mb="0" cb="0"/><line nr="42" mi="0" ci="3" mb="0" cb="0"/><line nr="43" mi="0" ci="1" mb="0" cb="0"/><line nr="52" mi="0" ci="3" mb="0" cb="0"/><line nr="62" mi="0" ci="3" mb="0" cb="0"/><line nr="63" mi="0" ci="1" mb="0" cb="0"/><line nr="72" mi="0" ci="3" mb="0" cb="0"/><line nr="82" mi="0" ci="3" mb="0" cb="0"/><line nr="83" mi="0" ci="1" mb="0" cb="0"/><line nr="92" mi="0" ci="3" mb="0" cb="0"/><line nr="102" mi="0" ci="3" mb="0" cb="0"/><line nr="103" mi="0" ci="1" mb="0" cb="0"/><line nr="112" mi="0" ci="3" mb="0" cb="0"/><line nr="122" mi="0" ci="3" mb="0" cb="0"/><line nr="123" mi="0" ci="1" mb="0" cb="0"/><line nr="132" mi="0" ci="3" mb="0" cb="0"/><line nr="142" mi="0" ci="3" mb="0" cb="0"/><line nr="143" mi="0" ci="1" mb="0" cb="0"/><line nr="153" mi="36" ci="0" mb="0" cb="0"/><counter type="INSTRUCTION" missed="36" covered="53"/><counter type="LINE" missed="1" covered="22"/><counter type="COMPLEXITY" missed="1" covered="11"/><counter type="METHOD" missed="1" covered="11"/><counter type="CLASS" missed="0" covered="1"/></sourcefile><sourcefile name="TradeManager.java"><line nr="23" mi="0" ci="4" mb="0" cb="0"/><line nr="24" mi="0" ci="5" mb="0" cb="0"/><line nr="31" mi="0" ci="2" mb="0" cb="0"/><line nr="32" mi="0" ci="4" mb="0" cb="0"/><line nr="33" mi="0" ci="1" mb="0" cb="0"/><line nr="44" mi="0" ci="5" mb="0" cb="2"/><line nr="45" mi="0" ci="3" mb="0" cb="0"/><line nr="46" mi="0" ci="2" mb="0" cb="0"/><line nr="49" mi="0" ci="5" mb="0" cb="0"/><line nr="50" mi="0" ci="5" mb="0" cb="0"/><line nr="52" mi="0" ci="3" mb="0" cb="0"/><line nr="53" mi="0" ci="2" mb="0" cb="0"/><line nr="63" mi="0" ci="4" mb="0" cb="0"/><line nr="65" mi="0" ci="4" mb="0" cb="2"/><line nr="66" mi="0" ci="3" mb="0" cb="0"/><line nr="67" mi="0" ci="2" mb="0" cb="0"/><line nr="70" mi="0" ci="3" mb="0" cb="0"/><line nr="72" mi="0" ci="11" mb="0" cb="2"/><line nr="73" mi="0" ci="11" mb="0" cb="0"/><line nr="74" mi="0" ci="11" mb="0" cb="0"/><line nr="75" mi="0" ci="11" mb="0" cb="0"/><line nr="76" mi="0" ci="11" mb="0" cb="0"/><line nr="77" mi="0" ci="11" mb="0" cb="0"/><line nr="78" mi="0" ci="3" mb="0" cb="0"/><line nr="79" mi="0" ci="1" mb="0" cb="0"/><line nr="81" mi="0" ci="4" mb="0" cb="0"/><line nr="92" mi="0" ci="4" mb="0" cb="0"/><line nr="94" mi="0" ci="4" mb="0" cb="2"/><line nr="95" mi="0" ci="3" mb="0" cb="0"/><line nr="96" mi="0" ci="2" mb="0" cb="0"/><line nr="99" mi="0" ci="12" mb="0" cb="0"/><line nr="101" mi="0" ci="11" mb="0" cb="2"/><line nr="102" mi="0" ci="5" mb="1" cb="1"/><line nr="103" mi="0" ci="11" mb="0" cb="0"/><line nr="104" mi="0" ci="11" mb="0" cb="0"/><line nr="105" mi="0" ci="11" mb="0" cb="0"/><line nr="106" mi="0" ci="11" mb="0" cb="0"/><line nr="107" mi="0" ci="11" mb="0" cb="0"/><line nr="108" mi="0" ci="3" mb="0" cb="0"/><line nr="110" mi="0" ci="1" mb="0" cb="0"/><line nr="112" mi="0" ci="4" mb="0" cb="0"/><line nr="124" mi="0" ci="2" mb="0" cb="0"/><line nr="126" mi="0" ci="11" mb="0" cb="2"/><line nr="127" mi="0" ci="4" mb="1" cb="1"/><line nr="128" mi="0" ci="5" mb="0" cb="0"/><line nr="129" mi="0" ci="5" mb="0" cb="0"/><line nr="130" mi="0" ci="3" mb="0" cb="0"/><line nr="131" mi="0" ci="2" mb="0" cb="0"/><line nr="132" mi="0" ci="13" mb="0" cb="0"/><line nr="133" mi="0" ci="4" mb="0" cb="0"/><line nr="134" mi="0" ci="2" mb="0" cb="0"/><line nr="136" mi="1" ci="0" mb="0" cb="0"/><line nr="138" mi="0" ci="2" mb="1" cb="1"/><line nr="139" mi="0" ci="3" mb="0" cb="0"/><line nr="140" mi="0" ci="2" mb="0" cb="0"/><line nr="143" mi="2" ci="0" mb="0" cb="0"/><line nr="155" mi="0" ci="2" mb="0" cb="0"/><line nr="157" mi="0" ci="11" mb="0" cb="2"/><line nr="158" mi="0" ci="4" mb="0" cb="2"/><line nr="159" mi="0" ci="3" mb="0" cb="0"/><line nr="160" mi="0" ci="3" mb="0" cb="0"/><line nr="161" mi="0" ci="5" mb="0" cb="0"/><line nr="162" mi="0" ci="5" mb="0" cb="0"/><line nr="163" mi="0" ci="3" mb="0" cb="0"/><line nr="164" mi="0" ci="2" mb="0" cb="0"/><line nr="165" mi="0" ci="12" mb="0" cb="0"/><line nr="166" mi="0" ci="4" mb="0" cb="0"/><line nr="167" mi="0" ci="6" mb="0" cb="0"/><line nr="168" mi="0" ci="6" mb="0" cb="0"/><line nr="169" mi="0" ci="2" mb="0" cb="0"/><line nr="171" mi="0" ci="1" mb="0" cb="0"/><line nr="173" mi="0" ci="2" mb="1" cb="1"/><line nr="174" mi="0" ci="3" mb="0" cb="0"/><line nr="175" mi="0" ci="2" mb="0" cb="0"/><line nr="178" mi="2" ci="0" mb="0" cb="0"/><line nr="189" mi="0" ci="11" mb="0" cb="2"/><line nr="190" mi="0" ci="5" mb="0" cb="2"/><line nr="191" mi="0" ci="2" mb="0" cb="0"/><line nr="193" mi="0" ci="1" mb="0" cb="0"/><line nr="195" mi="0" ci="2" mb="0" cb="0"/><line nr="206" mi="0" ci="11" mb="0" cb="2"/><line nr="207" mi="0" ci="4" mb="1" cb="1"/><line nr="208" mi="3" ci="0" mb="0" cb="0"/><line nr="210" mi="0" ci="1" mb="0" cb="0"/><line nr="212" mi="0" ci="2" mb="0" cb="0"/><line nr="223" mi="0" ci="11" mb="0" cb="2"/><line nr="224" mi="0" ci="4" mb="0" cb="2"/><line nr="225" mi="0" ci="2" mb="0" cb="0"/><line nr="227" mi="0" ci="1" mb="0" cb="0"/><line nr="229" mi="0" ci="2" mb="0" cb="0"/><line nr="240" mi="11" ci="0" mb="2" cb="0"/><line nr="241" mi="4" ci="0" mb="2" cb="0"/><line nr="242" mi="3" ci="0" mb="0" cb="0"/><line nr="244" mi="1" ci="0" mb="0" cb="0"/><line nr="246" mi="2" ci="0" mb="0" cb="0"/><line nr="257" mi="0" ci="5" mb="0" cb="0"/><line nr="259" mi="0" ci="3" mb="0" cb="2"/><line nr="261" mi="0" ci="3" mb="1" cb="1"/><line nr="262" mi="0" ci="4" mb="0" cb="0"/><line nr="264" mi="3" ci="0" mb="0" cb="0"/><line nr="266" mi="1" ci="0" mb="0" cb="0"/><line nr="267" mi="11" ci="0" mb="0" cb="0"/><line nr="268" mi="0" ci="1" mb="0" cb="0"/><line nr="270" mi="0" ci="4" mb="0" cb="0"/><line nr="273" mi="0" ci="5" mb="0" cb="0"/><line nr="274" mi="0" ci="5" mb="0" cb="0"/><line nr="275" mi="0" ci="6" mb="0" cb="0"/><line nr="276" mi="0" ci="1" mb="0" cb="0"/><line nr="277" mi="0" ci="4" mb="0" cb="0"/><line nr="289" mi="0" ci="5" mb="0" cb="0"/><line nr="290" mi="0" ci="5" mb="0" cb="0"/><line nr="291" mi="0" ci="3" mb="0" cb="0"/><line nr="292" mi="0" ci="3" mb="0" cb="0"/><line nr="293" mi="0" ci="4" mb="0" cb="0"/><line nr="294" mi="1" ci="0" mb="0" cb="0"/><line nr="295" mi="11" ci="0" mb="0" cb="0"/><line nr="296" mi="2" ci="0" mb="0" cb="0"/><counter type="INSTRUCTION" missed="58" covered="489"/><counter type="BRANCH" missed="10" covered="34"/><counter type="LINE" missed="15" covered="102"/><counter type="COMPLEXITY" missed="9" covered="26"/><counter type="METHOD" missed="1" covered="12"/><counter type="CLASS" missed="0" covered="1"/></sourcefile><sourcefile name="User.java"><line nr="43" mi="0" ci="2" mb="0" cb="0"/><line nr="44" mi="0" ci="3" mb="0" cb="0"/><line nr="45" mi="0" ci="3" mb="0" cb="0"/><line nr="46" mi="0" ci="3" mb="0" cb="0"/><line nr="47" mi="0" ci="5" mb="0" cb="0"/><line nr="48" mi="0" ci="5" mb="0" cb="0"/><line nr="49" mi="0" ci="5" mb="0" cb="0"/><line nr="50" mi="0" ci="1" mb="0" cb="0"/><line nr="59" mi="0" ci="3" mb="0" cb="0"/><line nr="69" mi="0" ci="3" mb="0" cb="0"/><line nr="70" mi="0" ci="1" mb="0" cb="0"/><line nr="79" mi="0" ci="3" mb="0" cb="0"/><line nr="89" mi="0" ci="3" mb="0" cb="0"/><line nr="90" mi="0" ci="1" mb="0" cb="0"/><line nr="99" mi="0" ci="3" mb="0" cb="0"/><line nr="109" mi="0" ci="3" mb="0" cb="0"/><line nr="110" mi="0" ci="1" mb="0" cb="0"/><line nr="119" mi="0" ci="3" mb="0" cb="0"/><line nr="129" mi="0" ci="3" mb="0" cb="0"/><line nr="130" mi="0" ci="1" mb="0" cb="0"/><line nr="139" mi="0" ci="3" mb="0" cb="0"/><line nr="149" mi="0" ci="3" mb="0" cb="0"/><line nr="150" mi="0" ci="1" mb="0" cb="0"/><line nr="159" mi="0" ci="3" mb="0" cb="0"/><line nr="169" mi="0" ci="3" mb="0" cb="0"/><line nr="170" mi="0" ci="1" mb="0" cb="0"/><line nr="179" mi="0" ci="5" mb="0" cb="0"/><line nr="180" mi="0" ci="1" mb="0" cb="0"/><line nr="189" mi="0" ci="5" mb="0" cb="0"/><line nr="190" mi="0" ci="1" mb="0" cb="0"/><line nr="199" mi="0" ci="5" mb="0" cb="0"/><line nr="200" mi="0" ci="1" mb="0" cb="0"/><line nr="209" mi="0" ci="5" mb="0" cb="0"/><line nr="210" mi="0" ci="1" mb="0" cb="0"/><line nr="219" mi="0" ci="5" mb="0" cb="0"/><line nr="220" mi="0" ci="1" mb="0" cb="0"/><line nr="229" mi="0" ci="5" mb="0" cb="0"/><line nr="230" mi="0" ci="1" mb="0" cb="0"/><line nr="240" mi="0" ci="36" mb="0" cb="0"/><counter type="INSTRUCTION" missed="0" covered="141"/><counter type="LINE" missed="0" covered="39"/><counter type="COMPLEXITY" missed="0" covered="20"/><counter type="METHOD" missed="0" covered="20"/><counter type="CLASS" missed="0" covered="1"/></sourcefile><counter type="INSTRUCTION" missed="384" covered="3553"/><counter type="BRANCH" missed="41" covered="221"/><counter type="LINE" missed="72" covered="887"/><counter type="COMPLEXITY" missed="45" covered="258"/><counter type="METHOD" missed="6" covered="150"/><counter type="CLASS" missed="0" covered="11"/></package><counter type="INSTRUCTION" missed="384" covered="3553"/><counter type="BRANCH" missed="41" covered="221"/><counter type="LINE" missed="72" covered="887"/><counter type="COMPLEXITY" missed="45" covered="258"/><counter type="METHOD" missed="6" covered="150"/><counter type="CLASS" missed="0" covered="11"/></report>